<?xml version="1.0" encoding="utf-8"?>
<!DOCTYPE coverage SYSTEM "http://cobertura.sourceforge.net/xml/coverage-04.dtd">
<coverage line-rate="0.772321428571429" branch-rate="0.421052631578947" lines-covered="173" lines-valid="224" branches-covered="8" branches-valid="19" complexity="60" version="0" timestamp="1683299401">
  <sources>
    <source>C:\Users\Sumair\</source>
  </sources>
  <packages>
    <package name="Schneider.MinesweeperHybrid.Game" line-rate="0.614754098360656" branch-rate="0.352941176470588" complexity="42">
      <classes>
        <class name="Schneider.MinesweeperHybrid.Game.Board.BaseBoard" filename="C:\Users\Sumair\source\repos\Schneider.MinesweeperHybrid\Schneider.MinesweeperHybrid.Game\Board\BaseBoard.cs" line-rate="0" branch-rate="0" complexity="8">
          <methods>
            <method name="get_Size" signature="()" line-rate="0" branch-rate="1" complexity="1">
              <lines>
                <line number="8" hits="0" branch="false" />
              </lines>
            </method>
            <method name="get_Grid" signature="()" line-rate="0" branch-rate="1" complexity="1">
              <lines>
                <line number="10" hits="0" branch="false" />
              </lines>
            </method>
            <method name="CreateBoard" signature="(...)" line-rate="0" branch-rate="0" complexity="4">
              <lines>
                <line number="13" hits="0" branch="false" />
                <line number="14" hits="0" branch="false" />
                <line number="16" hits="0" branch="false" />
                <line number="18" hits="0" branch="true" condition-coverage="0% (0/2)" />
                <line number="19" hits="0" branch="false" />
                <line number="20" hits="0" branch="true" condition-coverage="0% (0/2)" />
                <line number="21" hits="0" branch="false" />
                <line number="22" hits="0" branch="false" />
                <line number="23" hits="0" branch="false" />
                <line number="24" hits="0" branch="false" />
                <line number="25" hits="0" branch="false" />
                <line number="26" hits="0" branch="false" />
              </lines>
            </method>
            <method name="SetBombs" signature="(...)" line-rate="0" branch-rate="0" complexity="2">
              <lines>
                <line number="29" hits="0" branch="false" />
                <line number="30" hits="0" branch="true" condition-coverage="0% (0/2)" />
                <line number="31" hits="0" branch="false" />
                <line number="32" hits="0" branch="false" />
                <line number="33" hits="0" branch="false" />
                <line number="34" hits="0" branch="false" />
                <line number="35" hits="0" branch="false" />
                <line number="36" hits="0" branch="false" />
                <line number="38" hits="0" branch="false" />
              </lines>
            </method>
          </methods>
          <lines>
            <line number="8" hits="0" branch="false" />
            <line number="10" hits="0" branch="false" />
            <line number="13" hits="0" branch="false" />
            <line number="14" hits="0" branch="false" />
            <line number="16" hits="0" branch="false" />
            <line number="18" hits="0" branch="true" condition-coverage="0% (0/2)" />
            <line number="19" hits="0" branch="false" />
            <line number="20" hits="0" branch="true" condition-coverage="0% (0/2)" />
            <line number="21" hits="0" branch="false" />
            <line number="22" hits="0" branch="false" />
            <line number="23" hits="0" branch="false" />
            <line number="24" hits="0" branch="false" />
            <line number="25" hits="0" branch="false" />
            <line number="26" hits="0" branch="false" />
            <line number="29" hits="0" branch="false" />
            <line number="30" hits="0" branch="true" condition-coverage="0% (0/2)" />
            <line number="31" hits="0" branch="false" />
            <line number="32" hits="0" branch="false" />
            <line number="33" hits="0" branch="false" />
            <line number="34" hits="0" branch="false" />
            <line number="35" hits="0" branch="false" />
            <line number="36" hits="0" branch="false" />
            <line number="38" hits="0" branch="false" />
          </lines>
        </class>
        <class name="Schneider.MinesweeperHybrid.Game.Game.Player" filename="C:\Users\Sumair\source\repos\Schneider.MinesweeperHybrid\Schneider.MinesweeperHybrid.Game\Game\Player.cs" line-rate="0.814814814814815" branch-rate="0.6" complexity="9">
          <methods>
            <method name="MovePosition" signature="(...)" line-rate="0.583333333333333" branch-rate="0.6" complexity="5">
              <lines>
                <line number="19" hits="11" branch="false" />
                <line number="20" hits="11" branch="true" condition-coverage="60% (3/5)" />
                <line number="23" hits="0" branch="false" />
                <line number="25" hits="0" branch="false" />
                <line number="27" hits="1" branch="false" />
                <line number="29" hits="1" branch="false" />
                <line number="31" hits="10" branch="false" />
                <line number="33" hits="10" branch="false" />
                <line number="35" hits="0" branch="false" />
                <line number="36" hits="0" branch="false" />
                <line number="38" hits="0" branch="false" />
                <line number="40" hits="11" branch="false" />
              </lines>
            </method>
            <method name="GetPlayerPosition" signature="()" line-rate="1" branch-rate="1" complexity="1">
              <lines>
                <line number="43" hits="2" branch="false" />
                <line number="44" hits="2" branch="false" />
                <line number="46" hits="2" branch="false" />
                <line number="47" hits="2" branch="false" />
              </lines>
            </method>
            <method name="DecreaseLives" signature="(...)" line-rate="1" branch-rate="1" complexity="1">
              <lines>
                <line number="50" hits="1" branch="false" />
                <line number="51" hits="1" branch="false" />
                <line number="52" hits="1" branch="false" />
              </lines>
            </method>
            <method name="GetLives" signature="()" line-rate="1" branch-rate="1" complexity="1">
              <lines>
                <line number="55" hits="3" branch="false" />
                <line number="56" hits="3" branch="false" />
                <line number="57" hits="3" branch="false" />
              </lines>
            </method>
            <method name=".ctor" signature="(...)" line-rate="1" branch-rate="1" complexity="1">
              <lines>
                <line number="10" hits="9" branch="false" />
                <line number="13" hits="9" branch="false" />
                <line number="14" hits="9" branch="false" />
                <line number="15" hits="9" branch="false" />
                <line number="16" hits="9" branch="false" />
              </lines>
            </method>
          </methods>
          <lines>
            <line number="10" hits="9" branch="false" />
            <line number="13" hits="9" branch="false" />
            <line number="14" hits="9" branch="false" />
            <line number="15" hits="9" branch="false" />
            <line number="16" hits="9" branch="false" />
            <line number="19" hits="11" branch="false" />
            <line number="20" hits="11" branch="true" condition-coverage="60% (3/5)" />
            <line number="23" hits="0" branch="false" />
            <line number="25" hits="0" branch="false" />
            <line number="27" hits="1" branch="false" />
            <line number="29" hits="1" branch="false" />
            <line number="31" hits="10" branch="false" />
            <line number="33" hits="10" branch="false" />
            <line number="35" hits="0" branch="false" />
            <line number="36" hits="0" branch="false" />
            <line number="38" hits="0" branch="false" />
            <line number="40" hits="11" branch="false" />
            <line number="43" hits="2" branch="false" />
            <line number="44" hits="2" branch="false" />
            <line number="46" hits="2" branch="false" />
            <line number="47" hits="2" branch="false" />
            <line number="50" hits="1" branch="false" />
            <line number="51" hits="1" branch="false" />
            <line number="52" hits="1" branch="false" />
            <line number="55" hits="3" branch="false" />
            <line number="56" hits="3" branch="false" />
            <line number="57" hits="3" branch="false" />
          </lines>
        </class>
        <class name="Schneider.MinesweeperHybrid.Game.Game.Score" filename="C:\Users\Sumair\source\repos\Schneider.MinesweeperHybrid\Schneider.MinesweeperHybrid.Game\Game\Score.cs" line-rate="1" branch-rate="1" complexity="4">
          <methods>
            <method name="UpdateScore" signature="(...)" line-rate="1" branch-rate="1" complexity="1">
              <lines>
                <line number="10" hits="4" branch="false" />
                <line number="11" hits="4" branch="false" />
                <line number="12" hits="4" branch="false" />
              </lines>
            </method>
            <method name="DecreaseScore" signature="(...)" line-rate="1" branch-rate="1" complexity="1">
              <lines>
                <line number="15" hits="1" branch="false" />
                <line number="16" hits="1" branch="false" />
                <line number="17" hits="1" branch="false" />
              </lines>
            </method>
            <method name="GetCurrentScore" signature="()" line-rate="1" branch-rate="1" complexity="1">
              <lines>
                <line number="20" hits="3" branch="false" />
                <line number="21" hits="3" branch="false" />
                <line number="22" hits="3" branch="false" />
              </lines>
            </method>
            <method name=".ctor" signature="()" line-rate="1" branch-rate="1" complexity="1">
              <lines>
                <line number="7" hits="3" branch="false" />
              </lines>
            </method>
          </methods>
          <lines>
            <line number="7" hits="3" branch="false" />
            <line number="10" hits="4" branch="false" />
            <line number="11" hits="4" branch="false" />
            <line number="12" hits="4" branch="false" />
            <line number="15" hits="1" branch="false" />
            <line number="16" hits="1" branch="false" />
            <line number="17" hits="1" branch="false" />
            <line number="20" hits="3" branch="false" />
            <line number="21" hits="3" branch="false" />
            <line number="22" hits="3" branch="false" />
          </lines>
        </class>
        <class name="Schneider.MinesweeperHybrid.Models.Board.Cell" filename="C:\Users\Sumair\source\repos\Schneider.MinesweeperHybrid\Schneider.MinesweeperHybrid.Game\Board\Cell.cs" line-rate="0.777777777777778" branch-rate="1" complexity="5">
          <methods>
            <method name="get_Row" signature="()" line-rate="1" branch-rate="1" complexity="1">
              <lines>
                <line number="11" hits="13" branch="false" />
              </lines>
            </method>
            <method name="get_Col" signature="()" line-rate="1" branch-rate="1" complexity="1">
              <lines>
                <line number="13" hits="48" branch="false" />
              </lines>
            </method>
            <method name="get_Occupied" signature="()" line-rate="0" branch-rate="1" complexity="1">
              <lines>
                <line number="15" hits="0" branch="false" />
              </lines>
            </method>
            <method name="get_HasBomb" signature="()" line-rate="0" branch-rate="1" complexity="1">
              <lines>
                <line number="17" hits="0" branch="false" />
              </lines>
            </method>
            <method name=".ctor" signature="(...)" line-rate="1" branch-rate="1" complexity="1">
              <lines>
                <line number="5" hits="9" branch="false" />
                <line number="6" hits="9" branch="false" />
                <line number="7" hits="9" branch="false" />
                <line number="8" hits="9" branch="false" />
                <line number="9" hits="9" branch="false" />
              </lines>
            </method>
          </methods>
          <lines>
            <line number="5" hits="9" branch="false" />
            <line number="6" hits="9" branch="false" />
            <line number="7" hits="9" branch="false" />
            <line number="8" hits="9" branch="false" />
            <line number="9" hits="9" branch="false" />
            <line number="11" hits="13" branch="false" />
            <line number="13" hits="48" branch="false" />
            <line number="15" hits="0" branch="false" />
            <line number="17" hits="0" branch="false" />
          </lines>
        </class>
        <class name="Schneider.MinesweeperHybrid.Models.Board.DefaultBoard" filename="C:\Users\Sumair\source\repos\Schneider.MinesweeperHybrid\Schneider.MinesweeperHybrid.Game\Board\DefaultBoard.cs" line-rate="0" branch-rate="1" complexity="4">
          <methods>
            <method name="SetPosition" signature="(...)" line-rate="0" branch-rate="1" complexity="1">
              <lines>
                <line number="14" hits="0" branch="false" />
                <line number="15" hits="0" branch="false" />
                <line number="16" hits="0" branch="false" />
              </lines>
            </method>
            <method name="HasBomb" signature="(...)" line-rate="0" branch-rate="1" complexity="1">
              <lines>
                <line number="19" hits="0" branch="false" />
                <line number="20" hits="0" branch="false" />
                <line number="21" hits="0" branch="false" />
              </lines>
            </method>
            <method name="GetSize" signature="()" line-rate="0" branch-rate="1" complexity="1">
              <lines>
                <line number="24" hits="0" branch="false" />
                <line number="25" hits="0" branch="false" />
                <line number="26" hits="0" branch="false" />
              </lines>
            </method>
            <method name=".ctor" signature="(...)" line-rate="0" branch-rate="1" complexity="1">
              <lines>
                <line number="8" hits="0" branch="false" />
                <line number="9" hits="0" branch="false" />
                <line number="10" hits="0" branch="false" />
                <line number="11" hits="0" branch="false" />
              </lines>
            </method>
          </methods>
          <lines>
            <line number="8" hits="0" branch="false" />
            <line number="9" hits="0" branch="false" />
            <line number="10" hits="0" branch="false" />
            <line number="11" hits="0" branch="false" />
            <line number="14" hits="0" branch="false" />
            <line number="15" hits="0" branch="false" />
            <line number="16" hits="0" branch="false" />
            <line number="19" hits="0" branch="false" />
            <line number="20" hits="0" branch="false" />
            <line number="21" hits="0" branch="false" />
            <line number="24" hits="0" branch="false" />
            <line number="25" hits="0" branch="false" />
            <line number="26" hits="0" branch="false" />
          </lines>
        </class>
        <class name="Schneider.MinesweeperHybrid.Models.MinesweeperHybridGame" filename="C:\Users\Sumair\source\repos\Schneider.MinesweeperHybrid\Schneider.MinesweeperHybrid.Game\Game\MinesweeperHybridGame.cs" line-rate="0.9" branch-rate="0.5" complexity="12">
          <methods>
            <method name="SetStartingCell" signature="()" line-rate="1" branch-rate="1" complexity="1">
              <lines>
                <line number="26" hits="6" branch="false" />
                <line number="27" hits="6" branch="false" />
                <line number="28" hits="6" branch="false" />
              </lines>
            </method>
            <method name="MovePosition" signature="(...)" line-rate="1" branch-rate="1" complexity="2">
              <lines>
                <line number="31" hits="14" branch="false" />
                <line number="32" hits="14" branch="true" condition-coverage="100% (2/2)" />
                <line number="33" hits="10" branch="false" />
                <line number="34" hits="10" branch="false" />
                <line number="35" hits="10" branch="false" />
                <line number="36" hits="10" branch="false" />
                <line number="37" hits="10" branch="false" />
                <line number="38" hits="14" branch="false" />
              </lines>
            </method>
            <method name="IsGameCompleted" signature="()" line-rate="1" branch-rate="1" complexity="1">
              <lines>
                <line number="41" hits="3" branch="false" />
                <line number="42" hits="3" branch="false" />
                <line number="43" hits="3" branch="false" />
                <line number="44" hits="3" branch="false" />
              </lines>
            </method>
            <method name="GetPlayerPosition" signature="()" line-rate="1" branch-rate="1" complexity="1">
              <lines>
                <line number="47" hits="1" branch="false" />
                <line number="48" hits="1" branch="false" />
                <line number="49" hits="1" branch="false" />
              </lines>
            </method>
            <method name="IsGameOver" signature="()" line-rate="0" branch-rate="0" complexity="2">
              <lines>
                <line number="52" hits="0" branch="false" />
                <line number="53" hits="0" branch="true" condition-coverage="0% (0/2)" />
                <line number="54" hits="0" branch="false" />
              </lines>
            </method>
            <method name="GetScore" signature="()" line-rate="1" branch-rate="1" complexity="1">
              <lines>
                <line number="57" hits="1" branch="false" />
                <line number="58" hits="1" branch="false" />
                <line number="59" hits="1" branch="false" />
              </lines>
            </method>
            <method name="GetLives" signature="()" line-rate="1" branch-rate="1" complexity="1">
              <lines>
                <line number="62" hits="1" branch="false" />
                <line number="63" hits="1" branch="false" />
                <line number="64" hits="1" branch="false" />
              </lines>
            </method>
            <method name="CheckIfCellHasBomb" signature="()" line-rate="0.8" branch-rate="0.5" complexity="2">
              <lines>
                <line number="67" hits="10" branch="false" />
                <line number="68" hits="10" branch="true" condition-coverage="50% (1/2)" />
                <line number="69" hits="10" branch="false" />
                <line number="71" hits="0" branch="false" />
                <line number="72" hits="10" branch="false" />
              </lines>
            </method>
            <method name=".ctor" signature="(...)" line-rate="1" branch-rate="1" complexity="1">
              <lines>
                <line number="11" hits="6" branch="false" />
                <line number="17" hits="6" branch="false" />
                <line number="18" hits="6" branch="false" />
                <line number="19" hits="6" branch="false" />
                <line number="20" hits="6" branch="false" />
                <line number="21" hits="6" branch="false" />
                <line number="22" hits="6" branch="false" />
                <line number="23" hits="6" branch="false" />
              </lines>
            </method>
          </methods>
          <lines>
            <line number="11" hits="6" branch="false" />
            <line number="17" hits="6" branch="false" />
            <line number="18" hits="6" branch="false" />
            <line number="19" hits="6" branch="false" />
            <line number="20" hits="6" branch="false" />
            <line number="21" hits="6" branch="false" />
            <line number="22" hits="6" branch="false" />
            <line number="23" hits="6" branch="false" />
            <line number="26" hits="6" branch="false" />
            <line number="27" hits="6" branch="false" />
            <line number="28" hits="6" branch="false" />
            <line number="31" hits="14" branch="false" />
            <line number="32" hits="14" branch="true" condition-coverage="100% (2/2)" />
            <line number="33" hits="10" branch="false" />
            <line number="34" hits="10" branch="false" />
            <line number="35" hits="10" branch="false" />
            <line number="36" hits="10" branch="false" />
            <line number="37" hits="10" branch="false" />
            <line number="38" hits="14" branch="false" />
            <line number="41" hits="3" branch="false" />
            <line number="42" hits="3" branch="false" />
            <line number="43" hits="3" branch="false" />
            <line number="44" hits="3" branch="false" />
            <line number="47" hits="1" branch="false" />
            <line number="48" hits="1" branch="false" />
            <line number="49" hits="1" branch="false" />
            <line number="52" hits="0" branch="false" />
            <line number="53" hits="0" branch="true" condition-coverage="0% (0/2)" />
            <line number="54" hits="0" branch="false" />
            <line number="57" hits="1" branch="false" />
            <line number="58" hits="1" branch="false" />
            <line number="59" hits="1" branch="false" />
            <line number="62" hits="1" branch="false" />
            <line number="63" hits="1" branch="false" />
            <line number="64" hits="1" branch="false" />
            <line number="67" hits="10" branch="false" />
            <line number="68" hits="10" branch="true" condition-coverage="50% (1/2)" />
            <line number="69" hits="10" branch="false" />
            <line number="71" hits="0" branch="false" />
            <line number="72" hits="10" branch="false" />
          </lines>
        </class>
      </classes>
    </package>
    <package name="Schneider.MinesweeperHybrid.UnitTests" line-rate="0.958762886597938" branch-rate="1" complexity="17">
      <classes>
        <class name="AutoGeneratedProgram" filename="C:\Users\Sumair\.nuget\packages\microsoft.net.test.sdk\17.3.2\build\netcoreapp2.1\Microsoft.NET.Test.Sdk.Program.cs" line-rate="0" branch-rate="1" complexity="1">
          <methods>
            <method name="Main" signature="(...)" line-rate="0" branch-rate="1" complexity="1">
              <lines>
                <line number="4" hits="0" branch="false" />
              </lines>
            </method>
          </methods>
          <lines>
            <line number="4" hits="0" branch="false" />
          </lines>
        </class>
        <class name="Schneider.MinesweeperHybrid.UnitTests.Game.Game.MinesweeperHybridGameTests" filename="C:\Users\Sumair\source\repos\Schneider.MinesweeperHybrid\Schneider.MinesweeperHybrid.UnitTests\Game\Game\MinesweeperHybridGameTests.cs" line-rate="1" branch-rate="1" complexity="8">
          <methods>
            <method name="CheckIfGameIsCompleted_ReturnsFalse" signature="(...)" line-rate="1" branch-rate="1" complexity="1">
              <lines>
                <line number="18" hits="2" branch="false" />
                <line number="20" hits="2" branch="false" />
                <line number="23" hits="2" branch="false" />
                <line number="26" hits="2" branch="false" />
                <line number="27" hits="2" branch="false" />
              </lines>
            </method>
            <method name="CheckIfGameIsCompleted_ReturnsTrue" signature="()" line-rate="1" branch-rate="1" complexity="2">
              <lines>
                <line number="31" hits="1" branch="false" />
                <line number="33" hits="1" branch="false" />
                <line number="34" hits="1" branch="false" />
                <line number="37" hits="16" branch="true" condition-coverage="100% (2/2)" />
                <line number="38" hits="7" branch="false" />
                <line number="39" hits="7" branch="false" />
                <line number="40" hits="7" branch="false" />
                <line number="43" hits="1" branch="false" />
                <line number="44" hits="1" branch="false" />
              </lines>
            </method>
            <method name="GetPlayerPosition_ReturnsCorrectPosition" signature="()" line-rate="1" branch-rate="1" complexity="1">
              <lines>
                <line number="48" hits="1" branch="false" />
                <line number="50" hits="1" branch="false" />
                <line number="51" hits="1" branch="false" />
                <line number="52" hits="1" branch="false" />
                <line number="55" hits="1" branch="false" />
                <line number="56" hits="1" branch="false" />
                <line number="59" hits="1" branch="false" />
                <line number="60" hits="1" branch="false" />
              </lines>
            </method>
            <method name="GetScore_ReturnsCorrectly" signature="()" line-rate="1" branch-rate="1" complexity="1">
              <lines>
                <line number="64" hits="1" branch="false" />
                <line number="66" hits="1" branch="false" />
                <line number="67" hits="1" branch="false" />
                <line number="68" hits="1" branch="false" />
                <line number="69" hits="1" branch="false" />
                <line number="72" hits="1" branch="false" />
                <line number="73" hits="1" branch="false" />
                <line number="74" hits="1" branch="false" />
                <line number="77" hits="1" branch="false" />
                <line number="78" hits="1" branch="false" />
              </lines>
            </method>
            <method name="GetLives_ReturnsCorrectly" signature="()" line-rate="1" branch-rate="1" complexity="1">
              <lines>
                <line number="82" hits="1" branch="false" />
                <line number="84" hits="1" branch="false" />
                <line number="85" hits="1" branch="false" />
                <line number="88" hits="1" branch="false" />
                <line number="89" hits="1" branch="false" />
                <line number="90" hits="1" branch="false" />
                <line number="93" hits="1" branch="false" />
                <line number="94" hits="1" branch="false" />
              </lines>
            </method>
            <method name="CreateStrut" signature="()" line-rate="1" branch-rate="1" complexity="1">
              <lines>
                <line number="97" hits="6" branch="false" />
                <line number="98" hits="6" branch="false" />
                <line number="99" hits="6" branch="false" />
                <line number="100" hits="6" branch="false" />
                <line number="101" hits="6" branch="false" />
              </lines>
            </method>
            <method name=".ctor" signature="()" line-rate="1" branch-rate="1" complexity="1">
              <lines>
                <line number="11" hits="6" branch="false" />
                <line number="12" hits="6" branch="false" />
              </lines>
            </method>
          </methods>
          <lines>
            <line number="11" hits="6" branch="false" />
            <line number="12" hits="6" branch="false" />
            <line number="18" hits="2" branch="false" />
            <line number="20" hits="2" branch="false" />
            <line number="23" hits="2" branch="false" />
            <line number="26" hits="2" branch="false" />
            <line number="27" hits="2" branch="false" />
            <line number="31" hits="1" branch="false" />
            <line number="33" hits="1" branch="false" />
            <line number="34" hits="1" branch="false" />
            <line number="37" hits="16" branch="true" condition-coverage="100% (2/2)" />
            <line number="38" hits="7" branch="false" />
            <line number="39" hits="7" branch="false" />
            <line number="40" hits="7" branch="false" />
            <line number="43" hits="1" branch="false" />
            <line number="44" hits="1" branch="false" />
            <line number="48" hits="1" branch="false" />
            <line number="50" hits="1" branch="false" />
            <line number="51" hits="1" branch="false" />
            <line number="52" hits="1" branch="false" />
            <line number="55" hits="1" branch="false" />
            <line number="56" hits="1" branch="false" />
            <line number="59" hits="1" branch="false" />
            <line number="60" hits="1" branch="false" />
            <line number="64" hits="1" branch="false" />
            <line number="66" hits="1" branch="false" />
            <line number="67" hits="1" branch="false" />
            <line number="68" hits="1" branch="false" />
            <line number="69" hits="1" branch="false" />
            <line number="72" hits="1" branch="false" />
            <line number="73" hits="1" branch="false" />
            <line number="74" hits="1" branch="false" />
            <line number="77" hits="1" branch="false" />
            <line number="78" hits="1" branch="false" />
            <line number="82" hits="1" branch="false" />
            <line number="84" hits="1" branch="false" />
            <line number="85" hits="1" branch="false" />
            <line number="88" hits="1" branch="false" />
            <line number="89" hits="1" branch="false" />
            <line number="90" hits="1" branch="false" />
            <line number="93" hits="1" branch="false" />
            <line number="94" hits="1" branch="false" />
            <line number="97" hits="6" branch="false" />
            <line number="98" hits="6" branch="false" />
            <line number="99" hits="6" branch="false" />
            <line number="100" hits="6" branch="false" />
            <line number="101" hits="6" branch="false" />
          </lines>
        </class>
        <class name="Schneider.MinesweeperHybrid.UnitTests.Game.Game.PlayerTests" filename="C:\Users\Sumair\source\repos\Schneider.MinesweeperHybrid\Schneider.MinesweeperHybrid.UnitTests\Game\Game\PlayerTests.cs" line-rate="1" branch-rate="1" complexity="4">
          <methods>
            <method name="GetPlayerPosition_ReturnsCellPosition" signature="()" line-rate="1" branch-rate="1" complexity="1">
              <lines>
                <line number="11" hits="1" branch="false" />
                <line number="13" hits="1" branch="false" />
                <line number="14" hits="1" branch="false" />
                <line number="15" hits="1" branch="false" />
                <line number="18" hits="1" branch="false" />
                <line number="21" hits="1" branch="false" />
                <line number="22" hits="1" branch="false" />
              </lines>
            </method>
            <method name="GetLives_ReturnsNumberOfLives" signature="()" line-rate="1" branch-rate="1" complexity="1">
              <lines>
                <line number="26" hits="1" branch="false" />
                <line number="28" hits="1" branch="false" />
                <line number="29" hits="1" branch="false" />
                <line number="32" hits="1" branch="false" />
                <line number="35" hits="1" branch="false" />
                <line number="36" hits="1" branch="false" />
              </lines>
            </method>
            <method name="DecreaseLives_ReturnsNumberOfLivesLeft" signature="()" line-rate="1" branch-rate="1" complexity="1">
              <lines>
                <line number="40" hits="1" branch="false" />
                <line number="42" hits="1" branch="false" />
                <line number="43" hits="1" branch="false" />
                <line number="46" hits="1" branch="false" />
                <line number="47" hits="1" branch="false" />
                <line number="50" hits="1" branch="false" />
                <line number="51" hits="1" branch="false" />
              </lines>
            </method>
            <method name="CreateStrut" signature="(...)" line-rate="1" branch-rate="1" complexity="1">
              <lines>
                <line number="54" hits="3" branch="false" />
                <line number="55" hits="3" branch="false" />
                <line number="56" hits="3" branch="false" />
              </lines>
            </method>
          </methods>
          <lines>
            <line number="11" hits="1" branch="false" />
            <line number="13" hits="1" branch="false" />
            <line number="14" hits="1" branch="false" />
            <line number="15" hits="1" branch="false" />
            <line number="18" hits="1" branch="false" />
            <line number="21" hits="1" branch="false" />
            <line number="22" hits="1" branch="false" />
            <line number="26" hits="1" branch="false" />
            <line number="28" hits="1" branch="false" />
            <line number="29" hits="1" branch="false" />
            <line number="32" hits="1" branch="false" />
            <line number="35" hits="1" branch="false" />
            <line number="36" hits="1" branch="false" />
            <line number="40" hits="1" branch="false" />
            <line number="42" hits="1" branch="false" />
            <line number="43" hits="1" branch="false" />
            <line number="46" hits="1" branch="false" />
            <line number="47" hits="1" branch="false" />
            <line number="50" hits="1" branch="false" />
            <line number="51" hits="1" branch="false" />
            <line number="54" hits="3" branch="false" />
            <line number="55" hits="3" branch="false" />
            <line number="56" hits="3" branch="false" />
          </lines>
        </class>
        <class name="Schneider.MinesweeperHybrid.UnitTests.Game.Game.ScoreTests" filename="C:\Users\Sumair\source\repos\Schneider.MinesweeperHybrid\Schneider.MinesweeperHybrid.UnitTests\Game\Game\ScoreTests.cs" line-rate="0.884615384615385" branch-rate="1" complexity="4">
          <methods>
            <method name="DefaultScore_ReturnsDefault" signature="()" line-rate="1" branch-rate="1" complexity="1">
              <lines>
                <line number="10" hits="1" branch="false" />
                <line number="12" hits="1" branch="false" />
                <line number="13" hits="1" branch="false" />
                <line number="16" hits="1" branch="false" />
                <line number="19" hits="1" branch="false" />
                <line number="20" hits="1" branch="false" />
              </lines>
            </method>
            <method name="UpdateScore_ReturnsIncrementedScore" signature="()" line-rate="1" branch-rate="1" complexity="1">
              <lines>
                <line number="24" hits="1" branch="false" />
                <line number="26" hits="1" branch="false" />
                <line number="27" hits="1" branch="false" />
                <line number="30" hits="1" branch="false" />
                <line number="31" hits="1" branch="false" />
                <line number="34" hits="1" branch="false" />
                <line number="35" hits="1" branch="false" />
              </lines>
            </method>
            <method name="DecreaseScore_ReturnsDecreasedScore" signature="()" line-rate="1" branch-rate="1" complexity="1">
              <lines>
                <line number="39" hits="1" branch="false" />
                <line number="41" hits="1" branch="false" />
                <line number="42" hits="1" branch="false" />
                <line number="45" hits="1" branch="false" />
                <line number="46" hits="1" branch="false" />
                <line number="47" hits="1" branch="false" />
                <line number="48" hits="1" branch="false" />
                <line number="49" hits="1" branch="false" />
                <line number="52" hits="1" branch="false" />
                <line number="53" hits="1" branch="false" />
              </lines>
            </method>
            <method name="CreateStrut" signature="()" line-rate="0" branch-rate="1" complexity="1">
              <lines>
                <line number="56" hits="0" branch="false" />
                <line number="57" hits="0" branch="false" />
                <line number="58" hits="0" branch="false" />
              </lines>
            </method>
          </methods>
          <lines>
            <line number="10" hits="1" branch="false" />
            <line number="12" hits="1" branch="false" />
            <line number="13" hits="1" branch="false" />
            <line number="16" hits="1" branch="false" />
            <line number="19" hits="1" branch="false" />
            <line number="20" hits="1" branch="false" />
            <line number="24" hits="1" branch="false" />
            <line number="26" hits="1" branch="false" />
            <line number="27" hits="1" branch="false" />
            <line number="30" hits="1" branch="false" />
            <line number="31" hits="1" branch="false" />
            <line number="34" hits="1" branch="false" />
            <line number="35" hits="1" branch="false" />
            <line number="39" hits="1" branch="false" />
            <line number="41" hits="1" branch="false" />
            <line number="42" hits="1" branch="false" />
            <line number="45" hits="1" branch="false" />
            <line number="46" hits="1" branch="false" />
            <line number="47" hits="1" branch="false" />
            <line number="48" hits="1" branch="false" />
            <line number="49" hits="1" branch="false" />
            <line number="52" hits="1" branch="false" />
            <line number="53" hits="1" branch="false" />
            <line number="56" hits="0" branch="false" />
            <line number="57" hits="0" branch="false" />
            <line number="58" hits="0" branch="false" />
          </lines>
        </class>
      </classes>
    </package>
    <package name="Schneider.MinesweeperHybrid.Utilities" line-rate="1" branch-rate="1" complexity="1">
      <classes>
        <class name="Schneider.MinesweeperHybrid.Utilities.Helpers.ConvertHelper" filename="C:\Users\Sumair\source\repos\Schneider.MinesweeperHybrid\Schneider.MinesweeperHybrid.Utilities\Helpers\ConvertHelper.cs" line-rate="1" branch-rate="1" complexity="1">
          <methods>
            <method name="ConvertRowToLetter" signature="(...)" line-rate="1" branch-rate="1" complexity="1">
              <lines>
                <line number="6" hits="2" branch="false" />
                <line number="8" hits="2" branch="false" />
                <line number="10" hits="2" branch="false" />
                <line number="12" hits="2" branch="false" />
                <line number="13" hits="2" branch="false" />
              </lines>
            </method>
          </methods>
          <lines>
            <line number="6" hits="2" branch="false" />
            <line number="8" hits="2" branch="false" />
            <line number="10" hits="2" branch="false" />
            <line number="12" hits="2" branch="false" />
            <line number="13" hits="2" branch="false" />
          </lines>
        </class>
      </classes>
    </package>
  </packages>
</coverage>