TpTrace Verbose: 0 : 5124, 1, 2023/05/05, 15:09:59.480, 268187559697, vstest.console.dll, Version: 17.4.0-release-20221019-01 Current process architecture: X64
TpTrace Verbose: 0 : 5124, 1, 2023/05/05, 15:09:59.482, 268187574851, vstest.console.dll, Runtime location: C:\Program Files\dotnet\shared\Microsoft.NETCore.App\7.0.2
TpTrace Verbose: 0 : 5124, 1, 2023/05/05, 15:09:59.484, 268187596959, vstest.console.dll, ArtifactProcessingPostProcessModeProcessorExecutor.Initialize: ArtifactProcessingMode.Collect
TpTrace Verbose: 0 : 5124, 1, 2023/05/05, 15:09:59.484, 268187598224, vstest.console.dll, TestSessionCorrelationIdProcessorModeProcessorExecutor.Initialize: TestSessionCorrelationId '4280_9a67ca17-829d-440d-8c89-ded0f0d64eb0'
TpTrace Information: 0 : 5124, 1, 2023/05/05, 15:09:59.490, 268187656417, vstest.console.dll, FilePatternParser: The given file C:\Users\Sumair\source\repos\Schneider.MinesweeperHybrid\Schneider.MinesweeperHybrid.UnitTests\bin\Debug\net6.0\fine-code-coverage\build-output\Schneider.MinesweeperHybrid.UnitTests.dll is a full path.
TpTrace Verbose: 0 : 5124, 1, 2023/05/05, 15:09:59.494, 268187698081, vstest.console.dll, TestPluginCache.DiscoverTestExtensions: finding test extensions in assemblies ends with: RuntimeProvider.dll TPluginInfo: Microsoft.VisualStudio.TestPlatform.Common.ExtensionFramework.Utilities.TestRuntimePluginInformation TExtension: Microsoft.VisualStudio.TestPlatform.ObjectModel.Host.ITestRuntimeProvider
TpTrace Verbose: 0 : 5124, 1, 2023/05/05, 15:09:59.494, 268187699917, vstest.console.dll, TestPluginCache.GetExtensionPaths: Filtered extension paths: 
TpTrace Verbose: 0 : 5124, 1, 2023/05/05, 15:09:59.494, 268187700739, vstest.console.dll, TestPluginCache.GetExtensionPaths: Added default extension paths: C:\Program Files\dotnet\sdk\7.0.102\Extensions\Microsoft.Diagnostics.NETCore.Client.dll
C:\Program Files\dotnet\sdk\7.0.102\Extensions\Microsoft.TestPlatform.Extensions.BlameDataCollector.dll
C:\Program Files\dotnet\sdk\7.0.102\Extensions\Microsoft.TestPlatform.Extensions.EventLogCollector.dll
C:\Program Files\dotnet\sdk\7.0.102\Extensions\Microsoft.TestPlatform.TestHostRuntimeProvider.dll
C:\Program Files\dotnet\sdk\7.0.102\Extensions\Microsoft.VisualStudio.TestPlatform.Extensions.Html.TestLogger.dll
C:\Program Files\dotnet\sdk\7.0.102\Extensions\Microsoft.VisualStudio.TestPlatform.Extensions.Trx.TestLogger.dll
TpTrace Verbose: 0 : 5124, 1, 2023/05/05, 15:09:59.494, 268187701334, vstest.console.dll, TestPluginCache.GetExtensionPaths: Added unfilterableExtensionPaths: 
TpTrace Information: 0 : 5124, 1, 2023/05/05, 15:09:59.495, 268187707037, vstest.console.dll, AssemblyResolver.ctor: Creating AssemblyResolver with searchDirectories C:\Program Files\dotnet\sdk\7.0.102\Extensions,C:\Program Files\dotnet\sdk\7.0.102
TpTrace Verbose: 0 : 5124, 1, 2023/05/05, 15:09:59.496, 268187716415, vstest.console.dll, TestPluginCache.DiscoverTestExtensions: Discovering the extensions using extension path.
TpTrace Verbose: 0 : 5124, 1, 2023/05/05, 15:09:59.496, 268187717547, vstest.console.dll, TestPluginCache.GetExtensionPaths: Filtered extension paths: 
TpTrace Verbose: 0 : 5124, 1, 2023/05/05, 15:09:59.496, 268187718034, vstest.console.dll, TestPluginCache.GetExtensionPaths: Added default extension paths: C:\Program Files\dotnet\sdk\7.0.102\Extensions\Microsoft.Diagnostics.NETCore.Client.dll
C:\Program Files\dotnet\sdk\7.0.102\Extensions\Microsoft.TestPlatform.Extensions.BlameDataCollector.dll
C:\Program Files\dotnet\sdk\7.0.102\Extensions\Microsoft.TestPlatform.Extensions.EventLogCollector.dll
C:\Program Files\dotnet\sdk\7.0.102\Extensions\Microsoft.TestPlatform.TestHostRuntimeProvider.dll
C:\Program Files\dotnet\sdk\7.0.102\Extensions\Microsoft.VisualStudio.TestPlatform.Extensions.Html.TestLogger.dll
C:\Program Files\dotnet\sdk\7.0.102\Extensions\Microsoft.VisualStudio.TestPlatform.Extensions.Trx.TestLogger.dll
TpTrace Verbose: 0 : 5124, 1, 2023/05/05, 15:09:59.496, 268187718574, vstest.console.dll, TestPluginCache.GetExtensionPaths: Added unfilterableExtensionPaths: 
TpTrace Verbose: 0 : 5124, 1, 2023/05/05, 15:09:59.496, 268187719491, vstest.console.dll, TestPluginCache.DiscoverTestExtensions: Discovering the extensions using allExtensionPaths: C:\Program Files\dotnet\sdk\7.0.102\Extensions\Microsoft.Diagnostics.NETCore.Client.dll
C:\Program Files\dotnet\sdk\7.0.102\Extensions\Microsoft.TestPlatform.Extensions.BlameDataCollector.dll
C:\Program Files\dotnet\sdk\7.0.102\Extensions\Microsoft.TestPlatform.Extensions.EventLogCollector.dll
C:\Program Files\dotnet\sdk\7.0.102\Extensions\Microsoft.TestPlatform.TestHostRuntimeProvider.dll
C:\Program Files\dotnet\sdk\7.0.102\Extensions\Microsoft.VisualStudio.TestPlatform.Extensions.Html.TestLogger.dll
C:\Program Files\dotnet\sdk\7.0.102\Extensions\Microsoft.VisualStudio.TestPlatform.Extensions.Trx.TestLogger.dll
TpTrace Information: 0 : 5124, 1, 2023/05/05, 15:09:59.496, 268187720949, vstest.console.dll, AssemblyResolver.AddSearchDirectories: Adding more searchDirectories C:\Program Files\dotnet\sdk\7.0.102\Extensions,C:\Program Files\dotnet\sdk\7.0.102
TpTrace Information: 0 : 5124, 1, 2023/05/05, 15:09:59.497, 268187721540, vstest.console.dll, AssemblyResolver.AddSearchDirectories: Adding more searchDirectories C:\Program Files\dotnet\sdk\7.0.102\Extensions,C:\Program Files\dotnet\sdk\7.0.102
TpTrace Information: 0 : 5124, 1, 2023/05/05, 15:09:59.497, 268187722000, vstest.console.dll, AssemblyResolver.AddSearchDirectories: Adding more searchDirectories C:\Program Files\dotnet\sdk\7.0.102\Extensions,C:\Program Files\dotnet\sdk\7.0.102
TpTrace Information: 0 : 5124, 1, 2023/05/05, 15:09:59.497, 268187722437, vstest.console.dll, AssemblyResolver.AddSearchDirectories: Adding more searchDirectories C:\Program Files\dotnet\sdk\7.0.102\Extensions,C:\Program Files\dotnet\sdk\7.0.102
TpTrace Information: 0 : 5124, 1, 2023/05/05, 15:09:59.497, 268187722975, vstest.console.dll, AssemblyResolver.AddSearchDirectories: Adding more searchDirectories C:\Program Files\dotnet\sdk\7.0.102\Extensions,C:\Program Files\dotnet\sdk\7.0.102
TpTrace Information: 0 : 5124, 1, 2023/05/05, 15:09:59.497, 268187723428, vstest.console.dll, AssemblyResolver.AddSearchDirectories: Adding more searchDirectories C:\Program Files\dotnet\sdk\7.0.102\Extensions,C:\Program Files\dotnet\sdk\7.0.102
TpTrace Information: 0 : 5124, 1, 2023/05/05, 15:09:59.497, 268187726660, vstest.console.dll, AssemblyResolver.OnResolve: Microsoft.Diagnostics.NETCore.Client: Resolving assembly.
TpTrace Information: 0 : 5124, 1, 2023/05/05, 15:09:59.497, 268187727365, vstest.console.dll, AssemblyResolver.OnResolve: Microsoft.Diagnostics.NETCore.Client: Searching in: 'C:\Program Files\dotnet\sdk\7.0.102\Extensions'.
TpTrace Information: 0 : 5124, 1, 2023/05/05, 15:09:59.503, 268187784098, vstest.console.dll, AssemblyResolver.OnResolve: Microsoft.Diagnostics.NETCore.Client: Loading assembly 'C:\Program Files\dotnet\sdk\7.0.102\Extensions\Microsoft.Diagnostics.NETCore.Client.dll'.
TpTrace Information: 0 : 5124, 1, 2023/05/05, 15:09:59.503, 268187788738, vstest.console.dll, AssemblyResolver.OnResolve: Resolved assembly: Microsoft.Diagnostics.NETCore.Client, from path: C:\Program Files\dotnet\sdk\7.0.102\Extensions\Microsoft.Diagnostics.NETCore.Client.dll
TpTrace Verbose: 0 : 5124, 1, 2023/05/05, 15:09:59.504, 268187798025, vstest.console.dll, MetadataReaderExtensionsHelper: Discovering extensions inside assembly 'Microsoft.Diagnostics.NETCore.Client, Version=0.2.6.42401, Culture=neutral, PublicKeyToken=31bf3856ad364e35' file path 'C:\Program Files\dotnet\sdk\7.0.102\Extensions\Microsoft.Diagnostics.NETCore.Client.dll'
TpTrace Information: 0 : 5124, 1, 2023/05/05, 15:09:59.507, 268187830086, vstest.console.dll, AssemblyResolver.OnResolve: Microsoft.Bcl.AsyncInterfaces: Resolving assembly.
TpTrace Information: 0 : 5124, 1, 2023/05/05, 15:09:59.507, 268187831071, vstest.console.dll, AssemblyResolver.OnResolve: Microsoft.Bcl.AsyncInterfaces: Searching in: 'C:\Program Files\dotnet\sdk\7.0.102\Extensions'.
TpTrace Information: 0 : 5124, 1, 2023/05/05, 15:09:59.508, 268187832063, vstest.console.dll, AssemblyResolver.OnResolve: Microsoft.Bcl.AsyncInterfaces: Assembly path does not exist: 'C:\Program Files\dotnet\sdk\7.0.102\Extensions\Microsoft.Bcl.AsyncInterfaces.dll', returning.
TpTrace Information: 0 : 5124, 1, 2023/05/05, 15:09:59.508, 268187833408, vstest.console.dll, AssemblyResolver.OnResolve: Microsoft.Bcl.AsyncInterfaces: Assembly path does not exist: 'C:\Program Files\dotnet\sdk\7.0.102\Extensions\Microsoft.Bcl.AsyncInterfaces.exe', returning.
TpTrace Information: 0 : 5124, 1, 2023/05/05, 15:09:59.508, 268187834011, vstest.console.dll, AssemblyResolver.OnResolve: Microsoft.Bcl.AsyncInterfaces: Searching in: 'C:\Program Files\dotnet\sdk\7.0.102'.
TpTrace Information: 0 : 5124, 1, 2023/05/05, 15:09:59.508, 268187834896, vstest.console.dll, AssemblyResolver.OnResolve: Microsoft.Bcl.AsyncInterfaces: Assembly path does not exist: 'C:\Program Files\dotnet\sdk\7.0.102\Microsoft.Bcl.AsyncInterfaces.dll', returning.
TpTrace Information: 0 : 5124, 1, 2023/05/05, 15:09:59.508, 268187835629, vstest.console.dll, AssemblyResolver.OnResolve: Microsoft.Bcl.AsyncInterfaces: Assembly path does not exist: 'C:\Program Files\dotnet\sdk\7.0.102\Microsoft.Bcl.AsyncInterfaces.exe', returning.
TpTrace Information: 0 : 5124, 1, 2023/05/05, 15:09:59.508, 268187836020, vstest.console.dll, AssemblyResolver.OnResolve: Microsoft.Bcl.AsyncInterfaces: Failed to load assembly.
TpTrace Verbose: 0 : 5124, 1, 2023/05/05, 15:09:59.508, 268187836580, vstest.console.dll, CurrentDomainAssemblyResolve: Resolving assembly 'Microsoft.Bcl.AsyncInterfaces'.
TpTrace Information: 0 : 5124, 1, 2023/05/05, 15:09:59.508, 268187837289, vstest.console.dll, AssemblyResolver.OnResolve: Microsoft.Bcl.AsyncInterfaces: Resolving assembly.
TpTrace Information: 0 : 5124, 1, 2023/05/05, 15:09:59.508, 268187837946, vstest.console.dll, AssemblyResolver.OnResolve: Microsoft.Bcl.AsyncInterfaces: Resolved from cache.
TpTrace Verbose: 0 : 5124, 1, 2023/05/05, 15:09:59.508, 268187838439, vstest.console.dll, CurrentDomainAssemblyResolve: Resolving assembly 'Microsoft.Bcl.AsyncInterfaces'.
TpTrace Verbose: 0 : 5124, 1, 2023/05/05, 15:09:59.508, 268187839088, vstest.console.dll, CurrentDomainAssemblyResolve: Failed to resolve assembly 'Microsoft.Bcl.AsyncInterfaces'.
TpTrace Verbose: 0 : 5124, 1, 2023/05/05, 15:09:59.509, 268187847526, vstest.console.dll, CurrentDomainAssemblyResolve: Failed to resolve assembly 'Microsoft.Bcl.AsyncInterfaces'.
TpTrace Warning: 0 : 5124, 1, 2023/05/05, 15:09:59.514, 268187900195, vstest.console.dll, TestPluginDiscoverer: Failed to get types from assembly 'Microsoft.Diagnostics.NETCore.Client, Version=0.2.6.42401, Culture=neutral, PublicKeyToken=31bf3856ad364e35'. Error: System.Reflection.ReflectionTypeLoadException: Unable to load one or more of the requested types.
Could not load file or assembly 'Microsoft.Bcl.AsyncInterfaces, Version=1.0.0.0, Culture=neutral, PublicKeyToken=cc7b13ffcd2ddd51'. The system cannot find the file specified.
   at System.Reflection.RuntimeModule.GetTypes(RuntimeModule module)
   at System.Reflection.Assembly.GetTypes()
   at Microsoft.VisualStudio.TestPlatform.Common.ExtensionFramework.TestPluginDiscoverer.GetTestExtensionsFromAssembly[TPluginInfo,TExtension](Assembly assembly, Dictionary`2 pluginInfos, String filePath)
System.IO.FileNotFoundException: Could not load file or assembly 'Microsoft.Bcl.AsyncInterfaces, Version=1.0.0.0, Culture=neutral, PublicKeyToken=cc7b13ffcd2ddd51'. The system cannot find the file specified.
File name: 'Microsoft.Bcl.AsyncInterfaces, Version=1.0.0.0, Culture=neutral, PublicKeyToken=cc7b13ffcd2ddd51'
 ---> System.IO.FileNotFoundException: Could not load file or assembly 'Microsoft.Bcl.AsyncInterfaces, Culture=neutral, PublicKeyToken=null'. The system cannot find the file specified.
File name: 'Microsoft.Bcl.AsyncInterfaces, Culture=neutral, PublicKeyToken=null'
   at System.Reflection.RuntimeAssembly.InternalLoad(AssemblyName assemblyName, StackCrawlMark& stackMark, AssemblyLoadContext assemblyLoadContext, RuntimeAssembly requestingAssembly, Boolean throwOnFileNotFound)
   at System.Reflection.Assembly.Load(AssemblyName assemblyRef)
   at Microsoft.VisualStudio.TestPlatform.Common.ExtensionFramework.TestPluginCache.CurrentDomainAssemblyResolve(Object sender, AssemblyResolveEventArgs args)
   at System.Runtime.Loader.AssemblyLoadContext.GetFirstResolvedAssemblyFromResolvingEvent(AssemblyName assemblyName)
   at System.Runtime.Loader.AssemblyLoadContext.ResolveUsingEvent(AssemblyName assemblyName)
   at System.Runtime.Loader.AssemblyLoadContext.ResolveUsingResolvingEvent(IntPtr gchManagedAssemblyLoadContext, AssemblyName assemblyName)
TpTrace Warning: 0 : 5124, 1, 2023/05/05, 15:09:59.515, 268187903549, vstest.console.dll, LoaderExceptions: System.IO.FileNotFoundException: Could not load file or assembly 'Microsoft.Bcl.AsyncInterfaces, Version=1.0.0.0, Culture=neutral, PublicKeyToken=cc7b13ffcd2ddd51'. The system cannot find the file specified.
File name: 'Microsoft.Bcl.AsyncInterfaces, Version=1.0.0.0, Culture=neutral, PublicKeyToken=cc7b13ffcd2ddd51'
 ---> System.IO.FileNotFoundException: Could not load file or assembly 'Microsoft.Bcl.AsyncInterfaces, Culture=neutral, PublicKeyToken=null'. The system cannot find the file specified.
File name: 'Microsoft.Bcl.AsyncInterfaces, Culture=neutral, PublicKeyToken=null'
   at System.Reflection.RuntimeAssembly.InternalLoad(AssemblyName assemblyName, StackCrawlMark& stackMark, AssemblyLoadContext assemblyLoadContext, RuntimeAssembly requestingAssembly, Boolean throwOnFileNotFound)
   at System.Reflection.Assembly.Load(AssemblyName assemblyRef)
   at Microsoft.VisualStudio.TestPlatform.Common.ExtensionFramework.TestPluginCache.CurrentDomainAssemblyResolve(Object sender, AssemblyResolveEventArgs args)
   at System.Runtime.Loader.AssemblyLoadContext.GetFirstResolvedAssemblyFromResolvingEvent(AssemblyName assemblyName)
   at System.Runtime.Loader.AssemblyLoadContext.ResolveUsingEvent(AssemblyName assemblyName)
   at System.Runtime.Loader.AssemblyLoadContext.ResolveUsingResolvingEvent(IntPtr gchManagedAssemblyLoadContext, AssemblyName assemblyName)
TpTrace Information: 0 : 5124, 1, 2023/05/05, 15:09:59.515, 268187905182, vstest.console.dll, AssemblyResolver.OnResolve: Microsoft.TestPlatform.Extensions.BlameDataCollector: Resolving assembly.
TpTrace Information: 0 : 5124, 1, 2023/05/05, 15:09:59.515, 268187905674, vstest.console.dll, AssemblyResolver.OnResolve: Microsoft.TestPlatform.Extensions.BlameDataCollector: Searching in: 'C:\Program Files\dotnet\sdk\7.0.102\Extensions'.
TpTrace Information: 0 : 5124, 1, 2023/05/05, 15:09:59.515, 268187908856, vstest.console.dll, AssemblyResolver.OnResolve: Microsoft.TestPlatform.Extensions.BlameDataCollector: Loading assembly 'C:\Program Files\dotnet\sdk\7.0.102\Extensions\Microsoft.TestPlatform.Extensions.BlameDataCollector.dll'.
TpTrace Information: 0 : 5124, 1, 2023/05/05, 15:09:59.516, 268187912514, vstest.console.dll, AssemblyResolver.OnResolve: Resolved assembly: Microsoft.TestPlatform.Extensions.BlameDataCollector, from path: C:\Program Files\dotnet\sdk\7.0.102\Extensions\Microsoft.TestPlatform.Extensions.BlameDataCollector.dll
TpTrace Verbose: 0 : 5124, 1, 2023/05/05, 15:09:59.516, 268187913270, vstest.console.dll, MetadataReaderExtensionsHelper: Discovering extensions inside assembly 'Microsoft.TestPlatform.Extensions.BlameDataCollector, Version=15.0.0.0, Culture=neutral, PublicKeyToken=b03f5f7f11d50a3a' file path 'C:\Program Files\dotnet\sdk\7.0.102\Extensions\Microsoft.TestPlatform.Extensions.BlameDataCollector.dll'
TpTrace Information: 0 : 5124, 1, 2023/05/05, 15:09:59.517, 268187924262, vstest.console.dll, AssemblyResolver.OnResolve: Microsoft.TestPlatform.Extensions.EventLogCollector: Resolving assembly.
TpTrace Information: 0 : 5124, 1, 2023/05/05, 15:09:59.517, 268187924844, vstest.console.dll, AssemblyResolver.OnResolve: Microsoft.TestPlatform.Extensions.EventLogCollector: Searching in: 'C:\Program Files\dotnet\sdk\7.0.102\Extensions'.
TpTrace Information: 0 : 5124, 1, 2023/05/05, 15:09:59.517, 268187927188, vstest.console.dll, AssemblyResolver.OnResolve: Microsoft.TestPlatform.Extensions.EventLogCollector: Loading assembly 'C:\Program Files\dotnet\sdk\7.0.102\Extensions\Microsoft.TestPlatform.Extensions.EventLogCollector.dll'.
TpTrace Information: 0 : 5124, 1, 2023/05/05, 15:09:59.517, 268187930234, vstest.console.dll, AssemblyResolver.OnResolve: Resolved assembly: Microsoft.TestPlatform.Extensions.EventLogCollector, from path: C:\Program Files\dotnet\sdk\7.0.102\Extensions\Microsoft.TestPlatform.Extensions.EventLogCollector.dll
TpTrace Verbose: 0 : 5124, 1, 2023/05/05, 15:09:59.517, 268187930860, vstest.console.dll, MetadataReaderExtensionsHelper: Discovering extensions inside assembly 'Microsoft.TestPlatform.Extensions.EventLogCollector, Version=15.0.0.0, Culture=neutral, PublicKeyToken=b03f5f7f11d50a3a' file path 'C:\Program Files\dotnet\sdk\7.0.102\Extensions\Microsoft.TestPlatform.Extensions.EventLogCollector.dll'
TpTrace Information: 0 : 5124, 1, 2023/05/05, 15:09:59.519, 268187944270, vstest.console.dll, AssemblyResolver.OnResolve: Microsoft.TestPlatform.TestHostRuntimeProvider: Resolving assembly.
TpTrace Information: 0 : 5124, 1, 2023/05/05, 15:09:59.519, 268187944927, vstest.console.dll, AssemblyResolver.OnResolve: Microsoft.TestPlatform.TestHostRuntimeProvider: Searching in: 'C:\Program Files\dotnet\sdk\7.0.102\Extensions'.
TpTrace Information: 0 : 5124, 1, 2023/05/05, 15:09:59.519, 268187947253, vstest.console.dll, AssemblyResolver.OnResolve: Microsoft.TestPlatform.TestHostRuntimeProvider: Loading assembly 'C:\Program Files\dotnet\sdk\7.0.102\Extensions\Microsoft.TestPlatform.TestHostRuntimeProvider.dll'.
TpTrace Information: 0 : 5124, 1, 2023/05/05, 15:09:59.519, 268187950196, vstest.console.dll, AssemblyResolver.OnResolve: Resolved assembly: Microsoft.TestPlatform.TestHostRuntimeProvider, from path: C:\Program Files\dotnet\sdk\7.0.102\Extensions\Microsoft.TestPlatform.TestHostRuntimeProvider.dll
TpTrace Verbose: 0 : 5124, 1, 2023/05/05, 15:09:59.519, 268187950807, vstest.console.dll, MetadataReaderExtensionsHelper: Discovering extensions inside assembly 'Microsoft.TestPlatform.TestHostRuntimeProvider, Version=15.0.0.0, Culture=neutral, PublicKeyToken=b03f5f7f11d50a3a' file path 'C:\Program Files\dotnet\sdk\7.0.102\Extensions\Microsoft.TestPlatform.TestHostRuntimeProvider.dll'
TpTrace Information: 0 : 5124, 1, 2023/05/05, 15:09:59.521, 268187963015, vstest.console.dll, GetTestExtensionFromType: Register extension with identifier data 'HostProvider://DefaultTestHost' and type 'Microsoft.VisualStudio.TestPlatform.CrossPlatEngine.Hosting.DefaultTestHostManager, Microsoft.TestPlatform.TestHostRuntimeProvider, Version=15.0.0.0, Culture=neutral, PublicKeyToken=b03f5f7f11d50a3a' inside file 'C:\Program Files\dotnet\sdk\7.0.102\Extensions\Microsoft.TestPlatform.TestHostRuntimeProvider.dll'
TpTrace Information: 0 : 5124, 1, 2023/05/05, 15:09:59.521, 268187964861, vstest.console.dll, GetTestExtensionFromType: Register extension with identifier data 'HostProvider://DotnetTestHost' and type 'Microsoft.VisualStudio.TestPlatform.CrossPlatEngine.Hosting.DotnetTestHostManager, Microsoft.TestPlatform.TestHostRuntimeProvider, Version=15.0.0.0, Culture=neutral, PublicKeyToken=b03f5f7f11d50a3a' inside file 'C:\Program Files\dotnet\sdk\7.0.102\Extensions\Microsoft.TestPlatform.TestHostRuntimeProvider.dll'
TpTrace Information: 0 : 5124, 1, 2023/05/05, 15:09:59.521, 268187965561, vstest.console.dll, AssemblyResolver.OnResolve: Microsoft.VisualStudio.TestPlatform.Extensions.Html.TestLogger: Resolving assembly.
TpTrace Information: 0 : 5124, 1, 2023/05/05, 15:09:59.521, 268187966047, vstest.console.dll, AssemblyResolver.OnResolve: Microsoft.VisualStudio.TestPlatform.Extensions.Html.TestLogger: Searching in: 'C:\Program Files\dotnet\sdk\7.0.102\Extensions'.
TpTrace Information: 0 : 5124, 1, 2023/05/05, 15:09:59.521, 268187968526, vstest.console.dll, AssemblyResolver.OnResolve: Microsoft.VisualStudio.TestPlatform.Extensions.Html.TestLogger: Loading assembly 'C:\Program Files\dotnet\sdk\7.0.102\Extensions\Microsoft.VisualStudio.TestPlatform.Extensions.Html.TestLogger.dll'.
TpTrace Information: 0 : 5124, 1, 2023/05/05, 15:09:59.522, 268187971764, vstest.console.dll, AssemblyResolver.OnResolve: Resolved assembly: Microsoft.VisualStudio.TestPlatform.Extensions.Html.TestLogger, from path: C:\Program Files\dotnet\sdk\7.0.102\Extensions\Microsoft.VisualStudio.TestPlatform.Extensions.Html.TestLogger.dll
TpTrace Verbose: 0 : 5124, 1, 2023/05/05, 15:09:59.522, 268187972716, vstest.console.dll, MetadataReaderExtensionsHelper: Discovering extensions inside assembly 'Microsoft.VisualStudio.TestPlatform.Extensions.Html.TestLogger, Version=15.0.0.0, Culture=neutral, PublicKeyToken=b03f5f7f11d50a3a' file path 'C:\Program Files\dotnet\sdk\7.0.102\Extensions\Microsoft.VisualStudio.TestPlatform.Extensions.Html.TestLogger.dll'
TpTrace Information: 0 : 5124, 1, 2023/05/05, 15:09:59.522, 268187978030, vstest.console.dll, AssemblyResolver.OnResolve: Microsoft.VisualStudio.TestPlatform.Extensions.Trx.TestLogger: Resolving assembly.
TpTrace Information: 0 : 5124, 1, 2023/05/05, 15:09:59.522, 268187978594, vstest.console.dll, AssemblyResolver.OnResolve: Microsoft.VisualStudio.TestPlatform.Extensions.Trx.TestLogger: Searching in: 'C:\Program Files\dotnet\sdk\7.0.102\Extensions'.
TpTrace Information: 0 : 5124, 1, 2023/05/05, 15:09:59.522, 268187980898, vstest.console.dll, AssemblyResolver.OnResolve: Microsoft.VisualStudio.TestPlatform.Extensions.Trx.TestLogger: Loading assembly 'C:\Program Files\dotnet\sdk\7.0.102\Extensions\Microsoft.VisualStudio.TestPlatform.Extensions.Trx.TestLogger.dll'.
TpTrace Information: 0 : 5124, 1, 2023/05/05, 15:09:59.523, 268187984141, vstest.console.dll, AssemblyResolver.OnResolve: Resolved assembly: Microsoft.VisualStudio.TestPlatform.Extensions.Trx.TestLogger, from path: C:\Program Files\dotnet\sdk\7.0.102\Extensions\Microsoft.VisualStudio.TestPlatform.Extensions.Trx.TestLogger.dll
TpTrace Verbose: 0 : 5124, 1, 2023/05/05, 15:09:59.523, 268187984787, vstest.console.dll, MetadataReaderExtensionsHelper: Discovering extensions inside assembly 'Microsoft.VisualStudio.TestPlatform.Extensions.Trx.TestLogger, Version=15.0.0.0, Culture=neutral, PublicKeyToken=b03f5f7f11d50a3a' file path 'C:\Program Files\dotnet\sdk\7.0.102\Extensions\Microsoft.VisualStudio.TestPlatform.Extensions.Trx.TestLogger.dll'
TpTrace Verbose: 0 : 5124, 1, 2023/05/05, 15:09:59.524, 268187993327, vstest.console.dll, TestPluginCache: Discovered the extensions using extension path ''.
TpTrace Verbose: 0 : 5124, 1, 2023/05/05, 15:09:59.524, 268187994036, vstest.console.dll, TestPluginCache: Discoverers are ''.
TpTrace Verbose: 0 : 5124, 1, 2023/05/05, 15:09:59.524, 268187994425, vstest.console.dll, TestPluginCache: Executors are ''.
TpTrace Verbose: 0 : 5124, 1, 2023/05/05, 15:09:59.524, 268187994771, vstest.console.dll, TestPluginCache: Executors2 are ''.
TpTrace Verbose: 0 : 5124, 1, 2023/05/05, 15:09:59.524, 268187995108, vstest.console.dll, TestPluginCache: Setting providers are ''.
TpTrace Verbose: 0 : 5124, 1, 2023/05/05, 15:09:59.524, 268187995443, vstest.console.dll, TestPluginCache: Loggers are ''.
TpTrace Verbose: 0 : 5124, 1, 2023/05/05, 15:09:59.524, 268187996442, vstest.console.dll, TestPluginCache: TestHosts are 'HostProvider://DefaultTestHost,HostProvider://DotnetTestHost'.
TpTrace Verbose: 0 : 5124, 1, 2023/05/05, 15:09:59.524, 268187996883, vstest.console.dll, TestPluginCache: DataCollectors are ''.
TpTrace Information: 0 : 5124, 1, 2023/05/05, 15:09:59.531, 268188067052, vstest.console.dll, RunTestsArgumentProcessor:Execute: Test run is starting.
TpTrace Verbose: 0 : 5124, 1, 2023/05/05, 15:09:59.531, 268188067890, vstest.console.dll, RunTestsArgumentProcessor:Execute: Queuing Test run.
TpTrace Information: 0 : 5124, 1, 2023/05/05, 15:09:59.531, 268188069744, vstest.console.dll, TestRequestManager.RunTests: run tests started.
TpTrace Information: 0 : 5124, 1, 2023/05/05, 15:09:59.537, 268188121872, vstest.console.dll, AssemblyMetadataProvider.GetFrameworkName: Determined framework:'.NETCoreApp,Version=v6.0' for source: 'C:\Users\Sumair\source\repos\Schneider.MinesweeperHybrid\Schneider.MinesweeperHybrid.UnitTests\bin\Debug\net6.0\fine-code-coverage\build-output\Schneider.MinesweeperHybrid.UnitTests.dll'
TpTrace Information: 0 : 5124, 1, 2023/05/05, 15:09:59.537, 268188124120, vstest.console.dll, Determined framework for all sources: .NETCoreApp,Version=v6.0
TpTrace Verbose: 0 : 5124, 1, 2023/05/05, 15:09:59.537, 268188127614, vstest.console.dll, TestRequestManager.UpdateRunSettingsIfRequired: Default architecture: X64 IsDefaultTargetArchitecture: True, Current process architecture: X64 OperatingSystem: Windows.
TpTrace Information: 0 : 5124, 1, 2023/05/05, 15:09:59.539, 268188141988, vstest.console.dll, AssemblyMetadataProvider.GetArchitecture: Determined architecture:AnyCPU info for assembly: C:\Users\Sumair\source\repos\Schneider.MinesweeperHybrid\Schneider.MinesweeperHybrid.UnitTests\bin\Debug\net6.0\fine-code-coverage\build-output\Schneider.MinesweeperHybrid.UnitTests.dll
TpTrace Information: 0 : 5124, 1, 2023/05/05, 15:09:59.539, 268188142544, vstest.console.dll, Determined platform for source 'C:\Users\Sumair\source\repos\Schneider.MinesweeperHybrid\Schneider.MinesweeperHybrid.UnitTests\bin\Debug\net6.0\fine-code-coverage\build-output\Schneider.MinesweeperHybrid.UnitTests.dll' was AnyCPU and it will use the default plaform X64.
TpTrace Information: 0 : 5124, 1, 2023/05/05, 15:09:59.539, 268188142940, vstest.console.dll, None of the sources provided any runnable platform, using the default platform: X64
TpTrace Information: 0 : 5124, 1, 2023/05/05, 15:09:59.539, 268188143738, vstest.console.dll, Platform was updated to 'X64'.
TpTrace Information: 0 : 5124, 1, 2023/05/05, 15:09:59.541, 268188168879, vstest.console.dll, InferRunSettingsHelper.IsTestSettingsEnabled: Unable to navigate to RunSettings/MSTest. Current node: RunSettings
TpTrace Information: 0 : 5124, 1, 2023/05/05, 15:09:59.542, 268188173432, vstest.console.dll, AssemblyResolver.OnResolve: Microsoft.VisualStudio.TestPlatform.Fakes: Resolving assembly.
TpTrace Information: 0 : 5124, 1, 2023/05/05, 15:09:59.542, 268188174025, vstest.console.dll, AssemblyResolver.OnResolve: Microsoft.VisualStudio.TestPlatform.Fakes: Searching in: 'C:\Program Files\dotnet\sdk\7.0.102\Extensions'.
TpTrace Information: 0 : 5124, 1, 2023/05/05, 15:09:59.542, 268188174967, vstest.console.dll, AssemblyResolver.OnResolve: Microsoft.VisualStudio.TestPlatform.Fakes: Assembly path does not exist: 'C:\Program Files\dotnet\sdk\7.0.102\Extensions\Microsoft.VisualStudio.TestPlatform.Fakes.dll', returning.
TpTrace Information: 0 : 5124, 1, 2023/05/05, 15:09:59.542, 268188175715, vstest.console.dll, AssemblyResolver.OnResolve: Microsoft.VisualStudio.TestPlatform.Fakes: Assembly path does not exist: 'C:\Program Files\dotnet\sdk\7.0.102\Extensions\Microsoft.VisualStudio.TestPlatform.Fakes.exe', returning.
TpTrace Information: 0 : 5124, 1, 2023/05/05, 15:09:59.542, 268188176113, vstest.console.dll, AssemblyResolver.OnResolve: Microsoft.VisualStudio.TestPlatform.Fakes: Searching in: 'C:\Program Files\dotnet\sdk\7.0.102'.
TpTrace Information: 0 : 5124, 1, 2023/05/05, 15:09:59.542, 268188176912, vstest.console.dll, AssemblyResolver.OnResolve: Microsoft.VisualStudio.TestPlatform.Fakes: Assembly path does not exist: 'C:\Program Files\dotnet\sdk\7.0.102\Microsoft.VisualStudio.TestPlatform.Fakes.dll', returning.
TpTrace Information: 0 : 5124, 1, 2023/05/05, 15:09:59.542, 268188177681, vstest.console.dll, AssemblyResolver.OnResolve: Microsoft.VisualStudio.TestPlatform.Fakes: Assembly path does not exist: 'C:\Program Files\dotnet\sdk\7.0.102\Microsoft.VisualStudio.TestPlatform.Fakes.exe', returning.
TpTrace Information: 0 : 5124, 1, 2023/05/05, 15:09:59.542, 268188178069, vstest.console.dll, AssemblyResolver.OnResolve: Microsoft.VisualStudio.TestPlatform.Fakes: Failed to load assembly.
TpTrace Information: 0 : 5124, 1, 2023/05/05, 15:09:59.542, 268188180000, vstest.console.dll, Failed to load assembly Microsoft.VisualStudio.TestPlatform.Fakes, Version=17.0.0.0, Culture=neutral. Reason:System.IO.FileNotFoundException: Could not load file or assembly 'Microsoft.VisualStudio.TestPlatform.Fakes, Version=17.0.0.0, Culture=neutral, PublicKeyToken=null'. The system cannot find the file specified.
File name: 'Microsoft.VisualStudio.TestPlatform.Fakes, Version=17.0.0.0, Culture=neutral, PublicKeyToken=null'
   at System.Reflection.RuntimeAssembly.InternalLoad(AssemblyName assemblyName, StackCrawlMark& stackMark, AssemblyLoadContext assemblyLoadContext, RuntimeAssembly requestingAssembly, Boolean throwOnFileNotFound)
   at System.Reflection.Assembly.Load(AssemblyName assemblyRef)
   at Microsoft.VisualStudio.TestPlatform.Common.Utilities.FakesUtilities.LoadTestPlatformAssembly()
TpTrace Verbose: 0 : 5124, 1, 2023/05/05, 15:09:59.545, 268188204206, vstest.console.dll, TestPluginCache.DiscoverTestExtensions: finding test extensions in assemblies ends with: TestLogger.dll TPluginInfo: Microsoft.VisualStudio.TestPlatform.Common.ExtensionFramework.Utilities.TestLoggerPluginInformation TExtension: Microsoft.VisualStudio.TestPlatform.ObjectModel.Client.ITestLogger
TpTrace Verbose: 0 : 5124, 1, 2023/05/05, 15:09:59.545, 268188204919, vstest.console.dll, TestPluginCache.GetExtensionPaths: Filtered extension paths: 
TpTrace Verbose: 0 : 5124, 1, 2023/05/05, 15:09:59.545, 268188205363, vstest.console.dll, TestPluginCache.GetExtensionPaths: Added default extension paths: C:\Program Files\dotnet\sdk\7.0.102\Extensions\Microsoft.Diagnostics.NETCore.Client.dll
C:\Program Files\dotnet\sdk\7.0.102\Extensions\Microsoft.TestPlatform.Extensions.BlameDataCollector.dll
C:\Program Files\dotnet\sdk\7.0.102\Extensions\Microsoft.TestPlatform.Extensions.EventLogCollector.dll
C:\Program Files\dotnet\sdk\7.0.102\Extensions\Microsoft.TestPlatform.TestHostRuntimeProvider.dll
C:\Program Files\dotnet\sdk\7.0.102\Extensions\Microsoft.VisualStudio.TestPlatform.Extensions.Html.TestLogger.dll
C:\Program Files\dotnet\sdk\7.0.102\Extensions\Microsoft.VisualStudio.TestPlatform.Extensions.Trx.TestLogger.dll
TpTrace Verbose: 0 : 5124, 1, 2023/05/05, 15:09:59.545, 268188205848, vstest.console.dll, TestPluginCache.GetExtensionPaths: Added unfilterableExtensionPaths: 
TpTrace Information: 0 : 5124, 1, 2023/05/05, 15:09:59.545, 268188206949, vstest.console.dll, AssemblyResolver.AddSearchDirectories: Adding more searchDirectories C:\Program Files\dotnet\sdk\7.0.102\Extensions,C:\Program Files\dotnet\sdk\7.0.102
TpTrace Verbose: 0 : 5124, 1, 2023/05/05, 15:09:59.545, 268188207497, vstest.console.dll, TestPluginCache.DiscoverTestExtensions: Discovering the extensions using extension path.
TpTrace Verbose: 0 : 5124, 1, 2023/05/05, 15:09:59.545, 268188207959, vstest.console.dll, TestPluginCache.GetExtensionPaths: Filtered extension paths: 
TpTrace Verbose: 0 : 5124, 1, 2023/05/05, 15:09:59.545, 268188208326, vstest.console.dll, TestPluginCache.GetExtensionPaths: Added default extension paths: C:\Program Files\dotnet\sdk\7.0.102\Extensions\Microsoft.Diagnostics.NETCore.Client.dll
C:\Program Files\dotnet\sdk\7.0.102\Extensions\Microsoft.TestPlatform.Extensions.BlameDataCollector.dll
C:\Program Files\dotnet\sdk\7.0.102\Extensions\Microsoft.TestPlatform.Extensions.EventLogCollector.dll
C:\Program Files\dotnet\sdk\7.0.102\Extensions\Microsoft.TestPlatform.TestHostRuntimeProvider.dll
C:\Program Files\dotnet\sdk\7.0.102\Extensions\Microsoft.VisualStudio.TestPlatform.Extensions.Html.TestLogger.dll
C:\Program Files\dotnet\sdk\7.0.102\Extensions\Microsoft.VisualStudio.TestPlatform.Extensions.Trx.TestLogger.dll
TpTrace Verbose: 0 : 5124, 1, 2023/05/05, 15:09:59.545, 268188208736, vstest.console.dll, TestPluginCache.GetExtensionPaths: Added unfilterableExtensionPaths: 
TpTrace Verbose: 0 : 5124, 1, 2023/05/05, 15:09:59.545, 268188209106, vstest.console.dll, TestPluginCache.DiscoverTestExtensions: Discovering the extensions using allExtensionPaths: C:\Program Files\dotnet\sdk\7.0.102\Extensions\Microsoft.Diagnostics.NETCore.Client.dll
C:\Program Files\dotnet\sdk\7.0.102\Extensions\Microsoft.TestPlatform.Extensions.BlameDataCollector.dll
C:\Program Files\dotnet\sdk\7.0.102\Extensions\Microsoft.TestPlatform.Extensions.EventLogCollector.dll
C:\Program Files\dotnet\sdk\7.0.102\Extensions\Microsoft.TestPlatform.TestHostRuntimeProvider.dll
C:\Program Files\dotnet\sdk\7.0.102\Extensions\Microsoft.VisualStudio.TestPlatform.Extensions.Html.TestLogger.dll
C:\Program Files\dotnet\sdk\7.0.102\Extensions\Microsoft.VisualStudio.TestPlatform.Extensions.Trx.TestLogger.dll
TpTrace Information: 0 : 5124, 1, 2023/05/05, 15:09:59.545, 268188209634, vstest.console.dll, AssemblyResolver.AddSearchDirectories: Adding more searchDirectories C:\Program Files\dotnet\sdk\7.0.102\Extensions,C:\Program Files\dotnet\sdk\7.0.102
TpTrace Information: 0 : 5124, 1, 2023/05/05, 15:09:59.545, 268188210055, vstest.console.dll, AssemblyResolver.AddSearchDirectories: Adding more searchDirectories C:\Program Files\dotnet\sdk\7.0.102\Extensions,C:\Program Files\dotnet\sdk\7.0.102
TpTrace Information: 0 : 5124, 1, 2023/05/05, 15:09:59.545, 268188210436, vstest.console.dll, AssemblyResolver.AddSearchDirectories: Adding more searchDirectories C:\Program Files\dotnet\sdk\7.0.102\Extensions,C:\Program Files\dotnet\sdk\7.0.102
TpTrace Information: 0 : 5124, 1, 2023/05/05, 15:09:59.545, 268188210838, vstest.console.dll, AssemblyResolver.AddSearchDirectories: Adding more searchDirectories C:\Program Files\dotnet\sdk\7.0.102\Extensions,C:\Program Files\dotnet\sdk\7.0.102
TpTrace Information: 0 : 5124, 1, 2023/05/05, 15:09:59.545, 268188211216, vstest.console.dll, AssemblyResolver.AddSearchDirectories: Adding more searchDirectories C:\Program Files\dotnet\sdk\7.0.102\Extensions,C:\Program Files\dotnet\sdk\7.0.102
TpTrace Information: 0 : 5124, 1, 2023/05/05, 15:09:59.546, 268188211581, vstest.console.dll, AssemblyResolver.AddSearchDirectories: Adding more searchDirectories C:\Program Files\dotnet\sdk\7.0.102\Extensions,C:\Program Files\dotnet\sdk\7.0.102
TpTrace Verbose: 0 : 5124, 1, 2023/05/05, 15:09:59.546, 268188212452, vstest.console.dll, MetadataReaderExtensionsHelper: Discovering extensions inside assembly 'Microsoft.Diagnostics.NETCore.Client, Version=0.2.6.42401, Culture=neutral, PublicKeyToken=31bf3856ad364e35' file path 'C:\Program Files\dotnet\sdk\7.0.102\Extensions\Microsoft.Diagnostics.NETCore.Client.dll'
TpTrace Information: 0 : 5124, 1, 2023/05/05, 15:09:59.546, 268188217439, vstest.console.dll, AssemblyResolver.OnResolve: Microsoft.Bcl.AsyncInterfaces: Resolving assembly.
TpTrace Information: 0 : 5124, 1, 2023/05/05, 15:09:59.546, 268188217963, vstest.console.dll, AssemblyResolver.OnResolve: Microsoft.Bcl.AsyncInterfaces: Resolved from cache.
TpTrace Verbose: 0 : 5124, 1, 2023/05/05, 15:09:59.546, 268188218345, vstest.console.dll, CurrentDomainAssemblyResolve: Resolving assembly 'Microsoft.Bcl.AsyncInterfaces'.
TpTrace Information: 0 : 5124, 1, 2023/05/05, 15:09:59.546, 268188218807, vstest.console.dll, AssemblyResolver.OnResolve: Microsoft.Bcl.AsyncInterfaces: Resolving assembly.
TpTrace Information: 0 : 5124, 1, 2023/05/05, 15:09:59.546, 268188219235, vstest.console.dll, AssemblyResolver.OnResolve: Microsoft.Bcl.AsyncInterfaces: Resolved from cache.
TpTrace Verbose: 0 : 5124, 1, 2023/05/05, 15:09:59.546, 268188219589, vstest.console.dll, CurrentDomainAssemblyResolve: Resolving assembly 'Microsoft.Bcl.AsyncInterfaces'.
TpTrace Verbose: 0 : 5124, 1, 2023/05/05, 15:09:59.546, 268188219931, vstest.console.dll, CurrentDomainAssemblyResolve: Failed to resolve assembly 'Microsoft.Bcl.AsyncInterfaces'.
TpTrace Verbose: 0 : 5124, 1, 2023/05/05, 15:09:59.546, 268188221094, vstest.console.dll, CurrentDomainAssemblyResolve: Failed to resolve assembly 'Microsoft.Bcl.AsyncInterfaces'.
TpTrace Warning: 0 : 5124, 1, 2023/05/05, 15:09:59.547, 268188223549, vstest.console.dll, TestPluginDiscoverer: Failed to get types from assembly 'Microsoft.Diagnostics.NETCore.Client, Version=0.2.6.42401, Culture=neutral, PublicKeyToken=31bf3856ad364e35'. Error: System.Reflection.ReflectionTypeLoadException: Unable to load one or more of the requested types.
Could not load file or assembly 'Microsoft.Bcl.AsyncInterfaces, Version=1.0.0.0, Culture=neutral, PublicKeyToken=cc7b13ffcd2ddd51'. The system cannot find the file specified.
   at System.Reflection.RuntimeModule.GetTypes(RuntimeModule module)
   at System.Reflection.Assembly.GetTypes()
   at Microsoft.VisualStudio.TestPlatform.Common.ExtensionFramework.TestPluginDiscoverer.GetTestExtensionsFromAssembly[TPluginInfo,TExtension](Assembly assembly, Dictionary`2 pluginInfos, String filePath)
System.IO.FileNotFoundException: Could not load file or assembly 'Microsoft.Bcl.AsyncInterfaces, Version=1.0.0.0, Culture=neutral, PublicKeyToken=cc7b13ffcd2ddd51'. The system cannot find the file specified.
File name: 'Microsoft.Bcl.AsyncInterfaces, Version=1.0.0.0, Culture=neutral, PublicKeyToken=cc7b13ffcd2ddd51'
 ---> System.IO.FileNotFoundException: Could not load file or assembly 'Microsoft.Bcl.AsyncInterfaces, Culture=neutral, PublicKeyToken=null'. The system cannot find the file specified.
File name: 'Microsoft.Bcl.AsyncInterfaces, Culture=neutral, PublicKeyToken=null'
   at System.Reflection.RuntimeAssembly.InternalLoad(AssemblyName assemblyName, StackCrawlMark& stackMark, AssemblyLoadContext assemblyLoadContext, RuntimeAssembly requestingAssembly, Boolean throwOnFileNotFound)
   at System.Reflection.Assembly.Load(AssemblyName assemblyRef)
   at Microsoft.VisualStudio.TestPlatform.Common.ExtensionFramework.TestPluginCache.CurrentDomainAssemblyResolve(Object sender, AssemblyResolveEventArgs args)
   at System.Runtime.Loader.AssemblyLoadContext.GetFirstResolvedAssemblyFromResolvingEvent(AssemblyName assemblyName)
   at System.Runtime.Loader.AssemblyLoadContext.ResolveUsingEvent(AssemblyName assemblyName)
   at System.Runtime.Loader.AssemblyLoadContext.ResolveUsingResolvingEvent(IntPtr gchManagedAssemblyLoadContext, AssemblyName assemblyName)
TpTrace Warning: 0 : 5124, 1, 2023/05/05, 15:09:59.547, 268188224844, vstest.console.dll, LoaderExceptions: System.IO.FileNotFoundException: Could not load file or assembly 'Microsoft.Bcl.AsyncInterfaces, Version=1.0.0.0, Culture=neutral, PublicKeyToken=cc7b13ffcd2ddd51'. The system cannot find the file specified.
File name: 'Microsoft.Bcl.AsyncInterfaces, Version=1.0.0.0, Culture=neutral, PublicKeyToken=cc7b13ffcd2ddd51'
 ---> System.IO.FileNotFoundException: Could not load file or assembly 'Microsoft.Bcl.AsyncInterfaces, Culture=neutral, PublicKeyToken=null'. The system cannot find the file specified.
File name: 'Microsoft.Bcl.AsyncInterfaces, Culture=neutral, PublicKeyToken=null'
   at System.Reflection.RuntimeAssembly.InternalLoad(AssemblyName assemblyName, StackCrawlMark& stackMark, AssemblyLoadContext assemblyLoadContext, RuntimeAssembly requestingAssembly, Boolean throwOnFileNotFound)
   at System.Reflection.Assembly.Load(AssemblyName assemblyRef)
   at Microsoft.VisualStudio.TestPlatform.Common.ExtensionFramework.TestPluginCache.CurrentDomainAssemblyResolve(Object sender, AssemblyResolveEventArgs args)
   at System.Runtime.Loader.AssemblyLoadContext.GetFirstResolvedAssemblyFromResolvingEvent(AssemblyName assemblyName)
   at System.Runtime.Loader.AssemblyLoadContext.ResolveUsingEvent(AssemblyName assemblyName)
   at System.Runtime.Loader.AssemblyLoadContext.ResolveUsingResolvingEvent(IntPtr gchManagedAssemblyLoadContext, AssemblyName assemblyName)
TpTrace Verbose: 0 : 5124, 1, 2023/05/05, 15:09:59.547, 268188225575, vstest.console.dll, MetadataReaderExtensionsHelper: Discovering extensions inside assembly 'Microsoft.TestPlatform.Extensions.BlameDataCollector, Version=15.0.0.0, Culture=neutral, PublicKeyToken=b03f5f7f11d50a3a' file path 'C:\Program Files\dotnet\sdk\7.0.102\Extensions\Microsoft.TestPlatform.Extensions.BlameDataCollector.dll'
TpTrace Information: 0 : 5124, 1, 2023/05/05, 15:09:59.547, 268188228773, vstest.console.dll, GetTestExtensionFromType: Register extension with identifier data 'logger://Microsoft/TestPlatform/Extensions/Blame/v1' and type 'Microsoft.TestPlatform.Extensions.BlameDataCollector.BlameLogger, Microsoft.TestPlatform.Extensions.BlameDataCollector, Version=15.0.0.0, Culture=neutral, PublicKeyToken=b03f5f7f11d50a3a' inside file 'C:\Program Files\dotnet\sdk\7.0.102\Extensions\Microsoft.TestPlatform.Extensions.BlameDataCollector.dll'
TpTrace Verbose: 0 : 5124, 1, 2023/05/05, 15:09:59.547, 268188229378, vstest.console.dll, MetadataReaderExtensionsHelper: Discovering extensions inside assembly 'Microsoft.TestPlatform.Extensions.EventLogCollector, Version=15.0.0.0, Culture=neutral, PublicKeyToken=b03f5f7f11d50a3a' file path 'C:\Program Files\dotnet\sdk\7.0.102\Extensions\Microsoft.TestPlatform.Extensions.EventLogCollector.dll'
TpTrace Verbose: 0 : 5124, 1, 2023/05/05, 15:09:59.548, 268188231669, vstest.console.dll, MetadataReaderExtensionsHelper: Discovering extensions inside assembly 'Microsoft.TestPlatform.TestHostRuntimeProvider, Version=15.0.0.0, Culture=neutral, PublicKeyToken=b03f5f7f11d50a3a' file path 'C:\Program Files\dotnet\sdk\7.0.102\Extensions\Microsoft.TestPlatform.TestHostRuntimeProvider.dll'
TpTrace Verbose: 0 : 5124, 1, 2023/05/05, 15:09:59.548, 268188234060, vstest.console.dll, MetadataReaderExtensionsHelper: Discovering extensions inside assembly 'Microsoft.VisualStudio.TestPlatform.Extensions.Html.TestLogger, Version=15.0.0.0, Culture=neutral, PublicKeyToken=b03f5f7f11d50a3a' file path 'C:\Program Files\dotnet\sdk\7.0.102\Extensions\Microsoft.VisualStudio.TestPlatform.Extensions.Html.TestLogger.dll'
TpTrace Information: 0 : 5124, 1, 2023/05/05, 15:09:59.548, 268188237603, vstest.console.dll, GetTestExtensionFromType: Register extension with identifier data 'logger://Microsoft/TestPlatform/HtmlLogger/v1' and type 'Microsoft.VisualStudio.TestPlatform.Extensions.HtmlLogger.HtmlLogger, Microsoft.VisualStudio.TestPlatform.Extensions.Html.TestLogger, Version=15.0.0.0, Culture=neutral, PublicKeyToken=b03f5f7f11d50a3a' inside file 'C:\Program Files\dotnet\sdk\7.0.102\Extensions\Microsoft.VisualStudio.TestPlatform.Extensions.Html.TestLogger.dll'
TpTrace Verbose: 0 : 5124, 1, 2023/05/05, 15:09:59.548, 268188238223, vstest.console.dll, MetadataReaderExtensionsHelper: Discovering extensions inside assembly 'Microsoft.VisualStudio.TestPlatform.Extensions.Trx.TestLogger, Version=15.0.0.0, Culture=neutral, PublicKeyToken=b03f5f7f11d50a3a' file path 'C:\Program Files\dotnet\sdk\7.0.102\Extensions\Microsoft.VisualStudio.TestPlatform.Extensions.Trx.TestLogger.dll'
TpTrace Information: 0 : 5124, 1, 2023/05/05, 15:09:59.548, 268188240983, vstest.console.dll, GetTestExtensionFromType: Register extension with identifier data 'logger://Microsoft/TestPlatform/TrxLogger/v1' and type 'Microsoft.VisualStudio.TestPlatform.Extensions.TrxLogger.TrxLogger, Microsoft.VisualStudio.TestPlatform.Extensions.Trx.TestLogger, Version=15.0.0.0, Culture=neutral, PublicKeyToken=b03f5f7f11d50a3a' inside file 'C:\Program Files\dotnet\sdk\7.0.102\Extensions\Microsoft.VisualStudio.TestPlatform.Extensions.Trx.TestLogger.dll'
TpTrace Verbose: 0 : 5124, 1, 2023/05/05, 15:09:59.549, 268188241768, vstest.console.dll, TestPluginCache: Discovered the extensions using extension path ''.
TpTrace Verbose: 0 : 5124, 1, 2023/05/05, 15:09:59.549, 268188242236, vstest.console.dll, TestPluginCache: Discoverers are ''.
TpTrace Verbose: 0 : 5124, 1, 2023/05/05, 15:09:59.549, 268188242586, vstest.console.dll, TestPluginCache: Executors are ''.
TpTrace Verbose: 0 : 5124, 1, 2023/05/05, 15:09:59.549, 268188242922, vstest.console.dll, TestPluginCache: Executors2 are ''.
TpTrace Verbose: 0 : 5124, 1, 2023/05/05, 15:09:59.549, 268188243252, vstest.console.dll, TestPluginCache: Setting providers are ''.
TpTrace Verbose: 0 : 5124, 1, 2023/05/05, 15:09:59.549, 268188243834, vstest.console.dll, TestPluginCache: Loggers are 'logger://Microsoft/TestPlatform/Extensions/Blame/v1,logger://Microsoft/TestPlatform/HtmlLogger/v1,logger://Microsoft/TestPlatform/TrxLogger/v1'.
TpTrace Verbose: 0 : 5124, 1, 2023/05/05, 15:09:59.549, 268188244330, vstest.console.dll, TestPluginCache: TestHosts are 'HostProvider://DefaultTestHost,HostProvider://DotnetTestHost'.
TpTrace Verbose: 0 : 5124, 1, 2023/05/05, 15:09:59.549, 268188244740, vstest.console.dll, TestPluginCache: DataCollectors are ''.
TpTrace Information: 0 : 5124, 1, 2023/05/05, 15:09:59.549, 268188250871, vstest.console.dll, TestPluginManager.CreateTestExtension: Attempting to load test extension: Microsoft.TestPlatform.Extensions.BlameDataCollector.BlameLogger
TpTrace Verbose: 0 : 5124, 1, 2023/05/05, 15:09:59.554, 268188300281, vstest.console.dll, TestEngine: Initializing Parallel Execution as MaxCpuCount is set to: 1
TpTrace Information: 0 : 5124, 1, 2023/05/05, 15:09:59.556, 268188313699, vstest.console.dll, TestPluginManager.CreateTestExtension: Attempting to load test extension: Microsoft.VisualStudio.TestPlatform.CrossPlatEngine.Hosting.DefaultTestHostManager
TpTrace Information: 0 : 5124, 1, 2023/05/05, 15:09:59.556, 268188320135, vstest.console.dll, TestPluginManager.CreateTestExtension: Attempting to load test extension: Microsoft.VisualStudio.TestPlatform.CrossPlatEngine.Hosting.DotnetTestHostManager
TpTrace Information: 0 : 5124, 1, 2023/05/05, 15:09:59.557, 268188325416, vstest.console.dll, InferRunSettingsHelper.IsTestSettingsEnabled: Unable to navigate to RunSettings/MSTest. Current node: RunSettings
TpTrace Verbose: 0 : 5124, 1, 2023/05/05, 15:09:59.560, 268188358293, vstest.console.dll, TestEngine.GetExecutionManager: Chosen execution manager 'Microsoft.VisualStudio.TestPlatform.CrossPlatEngine.Client.Parallel.ParallelProxyExecutionManager, Microsoft.TestPlatform.CrossPlatEngine, Version=15.0.0.0, Culture=neutral, PublicKeyToken=b03f5f7f11d50a3a' ParallelLevel '1'.
TpTrace Verbose: 0 : 5124, 1, 2023/05/05, 15:09:59.560, 268188359428, vstest.console.dll, TestRunRequest.ExecuteAsync: Creating test run request.
TpTrace Verbose: 0 : 5124, 1, 2023/05/05, 15:09:59.560, 268188361201, vstest.console.dll, TestRunRequest.ExecuteAsync: Starting.
TpTrace Information: 0 : 5124, 1, 2023/05/05, 15:09:59.561, 268188363378, vstest.console.dll, TestRunRequest.ExecuteAsync: Starting run with settings:TestRunCriteria:
   KeepAlive=False,FrequencyOfRunStatsChangeEvent=10,RunStatsChangeEventTimeout=00:00:01.5000000,TestCaseFilter=,TestExecutorLauncher=
   Settingsxml=<RunSettings>
  <RunConfiguration>
    <ResultsDirectory>C:\Users\Sumair\source\repos\Schneider.MinesweeperHybrid\Schneider.MinesweeperHybrid.UnitTests\bin\Debug\net6.0\fine-code-coverage\coverage-tool-output</ResultsDirectory>
    <TargetPlatform>X64</TargetPlatform>
    <TargetFrameworkVersion>.NETCoreApp,Version=v6.0</TargetFrameworkVersion>
    <DesignMode>False</DesignMode>
    <CollectSourceInformation>False</CollectSourceInformation>
  </RunConfiguration>
  <LoggerRunSettings>
    <Loggers>
      <Logger friendlyName="blame" enabled="True" />
      <Logger friendlyName="Console" uri="logger://microsoft/TestPlatform/ConsoleLogger/v1" assemblyQualifiedName="Microsoft.VisualStudio.TestPlatform.CommandLine.Internal.ConsoleLogger, vstest.console, Version=15.0.0.0, Culture=neutral, PublicKeyToken=b03f5f7f11d50a3a" codeBase="C:\Program Files\dotnet\sdk\7.0.102\vstest.console.dll" enabled="True" />
    </Loggers>
  </LoggerRunSettings>
  <DataCollectionRunSettings>
    <DataCollectors>
      <DataCollector friendlyName="blame" enabled="True">
        <Configuration>
          <ResultsDirectory>C:\Users\Sumair\source\repos\Schneider.MinesweeperHybrid\Schneider.MinesweeperHybrid.UnitTests\bin\Debug\net6.0\fine-code-coverage\coverage-tool-output</ResultsDirectory>
        </Configuration>
      </DataCollector>
    </DataCollectors>
  </DataCollectionRunSettings>
</RunSettings>

TpTrace Verbose: 0 : 5124, 1, 2023/05/05, 15:09:59.561, 268188363970, vstest.console.dll, TestRunRequest.ExecuteAsync: Wait for the first run request is over.
TpTrace Verbose: 0 : 5124, 1, 2023/05/05, 15:09:59.561, 268188365964, vstest.console.dll, MulticastDelegateUtilities.SafeInvoke: TestRun.TestRunStart: Invoking callbacks was skipped because there are no subscribers.
TpTrace Verbose: 0 : 5124, 4, 2023/05/05, 15:09:59.561, 268188367475, vstest.console.dll, MulticastDelegateUtilities.SafeInvoke: InternalTestLoggerEvents.SendTestRunStart: Invoking callback 1/1 for Microsoft.VisualStudio.TestPlatform.CommandLine.Internal.ConsoleLogger., took 0 ms.
TpTrace Verbose: 0 : 5124, 1, 2023/05/05, 15:09:59.562, 268188374599, vstest.console.dll, ParallelProxyExecutionManager: Start execution. Total sources: 1
TpTrace Verbose: 0 : 5124, 1, 2023/05/05, 15:09:59.563, 268188386633, vstest.console.dll, TestRequestSender is acting as server.
TpTrace Verbose: 0 : 5124, 1, 2023/05/05, 15:09:59.564, 268188398127, vstest.console.dll, DataCollectionRequestSender.InitializeCommunication : Initialize communication. 
TpTrace Information: 0 : 5124, 1, 2023/05/05, 15:09:59.568, 268188436005, vstest.console.dll, Listening on Endpoint : 127.0.0.1:14343
TpTrace Verbose: 0 : 5124, 1, 2023/05/05, 15:09:59.573, 268188483470, vstest.console.dll, DotnetDataCollectionLauncher: Adding  --runtimeconfig "C:\Program Files\dotnet\sdk\7.0.102\datacollector.runtimeconfig.json" in args
TpTrace Verbose: 0 : 5124, 1, 2023/05/05, 15:09:59.573, 268188484635, vstest.console.dll, DotnetDataCollectionLauncher: Adding  --depsfile "C:\Program Files\dotnet\sdk\7.0.102\datacollector.deps.json" in args
TpTrace Verbose: 0 : 5124, 1, 2023/05/05, 15:09:59.573, 268188488187, vstest.console.dll, DotnetDataCollectionLauncher: Full path of dotnet.exe is C:\Program Files\dotnet\dotnet.exe
TpTrace Information: 0 : 5124, 1, 2023/05/05, 15:09:59.578, 268188539254, vstest.console.dll, ProxyDataCollectionManager.Initialize: Launched datacollector processId: 16028 port: 14343
TpTrace Information: 0 : 5124, 1, 2023/05/05, 15:09:59.578, 268188540654, vstest.console.dll, ProxyDataCollectionManager.Initialize: waiting for connection with timeout: 90 seconds
TpTrace Verbose: 0 : 5124, 1, 2023/05/05, 15:09:59.578, 268188541263, vstest.console.dll, DataCollectionRequestSender.WaitForRequestHandlerConnection : Waiting for connection with timeout: 90000
TpTrace Information: 0 : 5124, 7, 2023/05/05, 15:09:59.684, 268189592650, vstest.console.dll, Using the buffer size of 16384 bytes
TpTrace Verbose: 0 : 5124, 1, 2023/05/05, 15:09:59.684, 268189592924, vstest.console.dll, SocketCommunicationManager.WaitForClientConnection took: 105 ms, with 90000 ms timeout, and finished with True.
TpTrace Information: 0 : 5124, 7, 2023/05/05, 15:09:59.684, 268189593967, vstest.console.dll, Accepted Client request and set the flag
TpTrace Verbose: 0 : 5124, 1, 2023/05/05, 15:09:59.684, 268189594944, vstest.console.dll, ProxyDataCollectionManager.InvokeDataCollectionServiceAction: Starting.
TpTrace Information: 0 : 5124, 1, 2023/05/05, 15:09:59.684, 268189595758, vstest.console.dll, ProxyDataCollectionManager.BeforeTestRunStart: Get environment variable and port for datacollector processId: 16028 port: 14343
TpTrace Verbose: 0 : 5124, 1, 2023/05/05, 15:09:59.684, 268189596585, vstest.console.dll, DataCollectionRequestSender.SendBeforeTestRunStartAndGetResult: Send BeforeTestRunStart message with settingsXml <RunSettings><RunConfiguration><ResultsDirectory>C:\Users\Sumair\source\repos\Schneider.MinesweeperHybrid\Schneider.MinesweeperHybrid.UnitTests\bin\Debug\net6.0\fine-code-coverage\coverage-tool-output</ResultsDirectory><TargetPlatform>X64</TargetPlatform><TargetFrameworkVersion>.NETCoreApp,Version=v6.0</TargetFrameworkVersion><DesignMode>False</DesignMode><CollectSourceInformation>False</CollectSourceInformation><TestAdaptersPaths>C:\Program Files\dotnet\sdk\7.0.102\Extensions</TestAdaptersPaths></RunConfiguration><LoggerRunSettings><Loggers><Logger friendlyName="blame" enabled="True" /><Logger friendlyName="Console" uri="logger://microsoft/TestPlatform/ConsoleLogger/v1" assemblyQualifiedName="Microsoft.VisualStudio.TestPlatform.CommandLine.Internal.ConsoleLogger, vstest.console, Version=15.0.0.0, Culture=neutral, PublicKeyToken=b03f5f7f11d50a3a" codeBase="C:\Program Files\dotnet\sdk\7.0.102\vstest.console.dll" enabled="True" /></Loggers></LoggerRunSettings><DataCollectionRunSettings><DataCollectors><DataCollector friendlyName="blame" enabled="True"><Configuration><ResultsDirectory>C:\Users\Sumair\source\repos\Schneider.MinesweeperHybrid\Schneider.MinesweeperHybrid.UnitTests\bin\Debug\net6.0\fine-code-coverage\coverage-tool-output</ResultsDirectory></Configuration></DataCollector></DataCollectors></DataCollectionRunSettings></RunSettings> and sources System.Collections.Generic.List`1[System.String]: 
TpTrace Verbose: 0 : 5124, 1, 2023/05/05, 15:09:59.738, 268190139636, vstest.console.dll, DataCollectionRequestSender.SendBeforeTestRunStartAndGetResult: Received message: (DataCollection.SendMessage) -> {"MessageType":"DataCollection.SendMessage","Payload":{"FriendlyName":null,"Uri":null,"TestCaseId":"00000000-0000-0000-0000-000000000000","Message":"Logging DataCollector Diagnostics in file: C:\\Users\\Sumair\\source\\repos\\Schneider.MinesweeperHybrid\\Schneider.MinesweeperHybrid.UnitTests\\bin\\Debug\\net6.0\\fine-code-coverage\\coverage-tool-output\\diagnostics.datacollector.23-05-05_15-09-59_57300_1.log","Level":0}}
TpTrace Verbose: 0 : 5124, 1, 2023/05/05, 15:09:59.802, 268190773548, vstest.console.dll, DataCollectionRequestSender.SendBeforeTestRunStartAndGetResult: Received message: (DataCollection.BeforeTestRunStartResult) -> {"MessageType":"DataCollection.BeforeTestRunStartResult","Payload":{"EnvironmentVariables":{},"DataCollectionEventsPort":14345}}
TpTrace Information: 0 : 5124, 1, 2023/05/05, 15:09:59.805, 268190810019, vstest.console.dll, ProxyDataCollectionManager.BeforeTestRunStart: SendBeforeTestRunStartAndGetResult successful, env variable from datacollector:   and testhost port: 14345
TpTrace Information: 0 : 5124, 1, 2023/05/05, 15:09:59.805, 268190811003, vstest.console.dll, ProxyDataCollectionManager.InvokeDataCollectionServiceAction: Completed.
TpTrace Verbose: 0 : 5124, 7, 2023/05/05, 15:09:59.806, 268190812043, vstest.console.dll, ParallelProxyExecutionManager: Execution started. Started clients: 1
TpTrace Verbose: 0 : 5124, 1, 2023/05/05, 15:09:59.806, 268190812277, vstest.console.dll, ProxyParallelExecutionManager: No sources available for execution.
TpTrace Information: 0 : 5124, 1, 2023/05/05, 15:09:59.806, 268190813353, vstest.console.dll, TestRunRequest.ExecuteAsync: Started.
TpTrace Verbose: 0 : 5124, 1, 2023/05/05, 15:09:59.806, 268190814100, vstest.console.dll, TestRunRequest.WaitForCompletion: Waiting with timeout -1.
TpTrace Verbose: 0 : 5124, 7, 2023/05/05, 15:09:59.806, 268190814187, vstest.console.dll, TestRunRequest:SendTestRunMessage: Starting.
TpTrace Verbose: 0 : 5124, 7, 2023/05/05, 15:09:59.806, 268190815721, vstest.console.dll, MulticastDelegateUtilities.SafeInvoke: TestRun.LogMessages: Invoking callback 1/1 for Microsoft.VisualStudio.TestPlatform.CommandLine.TestRunResultAggregator., took 0 ms.
TpTrace Information: 0 : 5124, 7, 2023/05/05, 15:09:59.806, 268190816195, vstest.console.dll, TestRunRequest:SendTestRunMessage: Completed.
TpTrace Verbose: 0 : 5124, 4, 2023/05/05, 15:09:59.806, 268190816893, vstest.console.dll, MulticastDelegateUtilities.SafeInvoke: InternalTestLoggerEvents.SendTestRunMessage: Invoking callback 1/1 for Microsoft.VisualStudio.TestPlatform.CommandLine.Internal.ConsoleLogger., took 0 ms.
TpTrace Verbose: 0 : 5124, 7, 2023/05/05, 15:09:59.806, 268190817639, vstest.console.dll, ProxyExecutionManager: Test host is always Lazy initialize.
TpTrace Verbose: 0 : 5124, 7, 2023/05/05, 15:09:59.806, 268190819913, vstest.console.dll, TestRequestSender.InitializeCommunication: initialize communication. 
TpTrace Information: 0 : 5124, 7, 2023/05/05, 15:09:59.807, 268190824414, vstest.console.dll, SocketServer.Start: Listening on endpoint : 127.0.0.1:14346
TpTrace Verbose: 0 : 5124, 7, 2023/05/05, 15:09:59.807, 268190830719, vstest.console.dll, DotnetTestHostmanager.GetTestHostProcessStartInfo: Platform environment 'X64' target architecture 'X64' framework '.NETCoreApp,Version=v6.0' OS 'Windows'
TpTrace Verbose: 0 : 5124, 7, 2023/05/05, 15:09:59.808, 268190832576, vstest.console.dll, DotnetTestHostmanager: Adding  --runtimeconfig "C:\Users\Sumair\source\repos\Schneider.MinesweeperHybrid\Schneider.MinesweeperHybrid.UnitTests\bin\Debug\net6.0\fine-code-coverage\build-output\Schneider.MinesweeperHybrid.UnitTests.runtimeconfig.json" in args
TpTrace Verbose: 0 : 5124, 7, 2023/05/05, 15:09:59.808, 268190833558, vstest.console.dll, DotnetTestHostmanager: Adding  --depsfile "C:\Users\Sumair\source\repos\Schneider.MinesweeperHybrid\Schneider.MinesweeperHybrid.UnitTests\bin\Debug\net6.0\fine-code-coverage\build-output\Schneider.MinesweeperHybrid.UnitTests.deps.json" in args
TpTrace Verbose: 0 : 5124, 7, 2023/05/05, 15:09:59.808, 268190834936, vstest.console.dll, DotnetTestHostmanager.IsWinOnArm: Current PROCESSOR_ARCHITECTURE from environment variable 'AMD64'
TpTrace Verbose: 0 : 5124, 7, 2023/05/05, 15:09:59.808, 268190835542, vstest.console.dll, DotnetTestHostmanager.IsWinOnArm: Is Windows on ARM 'False'
TpTrace Verbose: 0 : 5124, 7, 2023/05/05, 15:09:59.808, 268190836472, vstest.console.dll, DotnetTestHostManager: testhost.exe found at path: C:\Users\Sumair\source\repos\Schneider.MinesweeperHybrid\Schneider.MinesweeperHybrid.UnitTests\bin\Debug\net6.0\fine-code-coverage\build-output\testhost.exe
TpTrace Verbose: 0 : 5124, 7, 2023/05/05, 15:09:59.808, 268190836949, vstest.console.dll, DotnetTestHostmanager: Full path of host exe is C:\Users\Sumair\source\repos\Schneider.MinesweeperHybrid\Schneider.MinesweeperHybrid.UnitTests\bin\Debug\net6.0\fine-code-coverage\build-output\testhost.exe
TpTrace Verbose: 0 : 5124, 7, 2023/05/05, 15:09:59.808, 268190838173, vstest.console.dll, DotnetTestHostmanager.LaunchTestHostAsync: Found 'VSTEST_WINAPPHOST_DOTNET_ROOT' in env variables, value 'C:\Program Files\dotnet', forwarding to 'DOTNET_ROOT'
TpTrace Verbose: 0 : 5124, 7, 2023/05/05, 15:09:59.808, 268190839700, vstest.console.dll, DotnetTestHostManager: Starting process 'C:\Users\Sumair\source\repos\Schneider.MinesweeperHybrid\Schneider.MinesweeperHybrid.UnitTests\bin\Debug\net6.0\fine-code-coverage\build-output\testhost.exe' with command line ' --runtimeconfig "C:\Users\Sumair\source\repos\Schneider.MinesweeperHybrid\Schneider.MinesweeperHybrid.UnitTests\bin\Debug\net6.0\fine-code-coverage\build-output\Schneider.MinesweeperHybrid.UnitTests.runtimeconfig.json" --depsfile "C:\Users\Sumair\source\repos\Schneider.MinesweeperHybrid\Schneider.MinesweeperHybrid.UnitTests\bin\Debug\net6.0\fine-code-coverage\build-output\Schneider.MinesweeperHybrid.UnitTests.deps.json" --port 14346 --endpoint 127.0.0.1:014346 --role client --parentprocessid 5124 --diag "C:\Users\Sumair\source\repos\Schneider.MinesweeperHybrid\Schneider.MinesweeperHybrid.UnitTests\bin\Debug\net6.0\fine-code-coverage\coverage-tool-output\diagnostics.host.23-05-05_15-09-59_80761_7.log" --tracelevel 4 --datacollectionport 14345 --telemetryoptedin false'
TpTrace Verbose: 0 : 5124, 7, 2023/05/05, 15:09:59.817, 268190927472, vstest.console.dll, MulticastDelegateUtilities.SafeInvoke: HostProviderEvents.OnHostLaunched: Invoking callback 1/2 for Microsoft.VisualStudio.TestPlatform.CrossPlatEngine.Client.ProxyExecutionManagerWithDataCollection., took 0 ms.
TpTrace Verbose: 0 : 5124, 7, 2023/05/05, 15:09:59.817, 268190929622, vstest.console.dll, Test Runtime launched
TpTrace Verbose: 0 : 5124, 7, 2023/05/05, 15:09:59.817, 268190930288, vstest.console.dll, MulticastDelegateUtilities.SafeInvoke: HostProviderEvents.OnHostLaunched: Invoking callback 2/2 for Microsoft.VisualStudio.TestPlatform.CrossPlatEngine.Client.ProxyOperationManager., took 0 ms.
TpTrace Verbose: 0 : 5124, 7, 2023/05/05, 15:09:59.818, 268190931695, vstest.console.dll, TestRequestSender.WaitForRequestHandlerConnection: waiting for connection with timeout: 90000.
TpTrace Verbose: 0 : 5124, 10, 2023/05/05, 15:09:59.938, 268192137309, vstest.console.dll, MulticastDelegateUtilities.SafeInvoke: SocketServer: ClientConnected: Invoking callback 1/1 for Microsoft.VisualStudio.TestPlatform.CommunicationUtilities.TestRequestSender., took 0 ms.
TpTrace Verbose: 0 : 5124, 7, 2023/05/05, 15:09:59.938, 268192137310, vstest.console.dll, TestRequestSender.WaitForRequestHandlerConnection: waiting took 120 ms, with timeout 90000 ms, and result 0, which is success.
TpTrace Verbose: 0 : 5124, 10, 2023/05/05, 15:09:59.938, 268192139243, vstest.console.dll, SocketServer.OnClientConnected: Client connected for endPoint: 127.0.0.1:14346, starting MessageLoopAsync:
TpTrace Verbose: 0 : 5124, 13, 2023/05/05, 15:09:59.939, 268192142709, vstest.console.dll, TcpClientExtensions.MessageLoopAsync: Polling on remoteEndPoint: 127.0.0.1:14347 localEndPoint: 127.0.0.1:14346
TpTrace Verbose: 0 : 5124, 7, 2023/05/05, 15:09:59.939, 268192146141, vstest.console.dll, TestRequestSender.CheckVersionWithTestHost: Sending check version message: {"MessageType":"ProtocolVersion","Payload":7}
TpTrace Verbose: 0 : 5124, 13, 2023/05/05, 15:10:00.055, 268193301923, vstest.console.dll, TcpClientExtensions.MessageLoopAsync: NotifyDataAvailable remoteEndPoint: 127.0.0.1:14347 localEndPoint: 127.0.0.1:14346
TpTrace Verbose: 0 : 5124, 13, 2023/05/05, 15:10:00.055, 268193303770, vstest.console.dll, TestRequestSender.CheckVersionWithTestHost: onMessageReceived received message: (ProtocolVersion) -> {"MessageType":"ProtocolVersion","Payload":7}
TpTrace Verbose: 0 : 5124, 13, 2023/05/05, 15:10:00.055, 268193309255, vstest.console.dll, MulticastDelegateUtilities.SafeInvoke: LengthPrefixCommunicationChannel: MessageReceived: Invoking callback 1/1 for Microsoft.VisualStudio.TestPlatform.CommunicationUtilities.TestRequestSender+<>c__DisplayClass26_0., took 0 ms.
TpTrace Verbose: 0 : 5124, 7, 2023/05/05, 15:10:00.055, 268193309827, vstest.console.dll, TestPluginCache.GetExtensionPaths: Filtered extension paths: 
TpTrace Verbose: 0 : 5124, 13, 2023/05/05, 15:10:00.055, 268193310205, vstest.console.dll, TcpClientExtensions.MessageLoopAsync: Polling on remoteEndPoint: 127.0.0.1:14347 localEndPoint: 127.0.0.1:14346
TpTrace Verbose: 0 : 5124, 7, 2023/05/05, 15:10:00.055, 268193310919, vstest.console.dll, TestPluginCache.GetExtensionPaths: Added default extension paths: C:\Program Files\dotnet\sdk\7.0.102\Extensions\Microsoft.Diagnostics.NETCore.Client.dll
C:\Program Files\dotnet\sdk\7.0.102\Extensions\Microsoft.TestPlatform.Extensions.BlameDataCollector.dll
C:\Program Files\dotnet\sdk\7.0.102\Extensions\Microsoft.TestPlatform.Extensions.EventLogCollector.dll
C:\Program Files\dotnet\sdk\7.0.102\Extensions\Microsoft.TestPlatform.TestHostRuntimeProvider.dll
C:\Program Files\dotnet\sdk\7.0.102\Extensions\Microsoft.VisualStudio.TestPlatform.Extensions.Html.TestLogger.dll
C:\Program Files\dotnet\sdk\7.0.102\Extensions\Microsoft.VisualStudio.TestPlatform.Extensions.Trx.TestLogger.dll
TpTrace Verbose: 0 : 5124, 7, 2023/05/05, 15:10:00.056, 268193312508, vstest.console.dll, TestPluginCache.GetExtensionPaths: Added unfilterableExtensionPaths: 
TpTrace Verbose: 0 : 5124, 7, 2023/05/05, 15:10:00.058, 268193339931, vstest.console.dll, TestRequestSender.InitializeExecution: Sending initialize execution with message: {"Version":7,"MessageType":"TestExecution.Initialize","Payload":["C:\\Users\\Sumair\\source\\repos\\Schneider.MinesweeperHybrid\\Schneider.MinesweeperHybrid.UnitTests\\bin\\Debug\\net6.0\\fine-code-coverage\\build-output\\xunit.runner.visualstudio.dotnetcore.testadapter.dll"]}
TpTrace Warning: 0 : 5124, 7, 2023/05/05, 15:10:00.059, 268193344295, vstest.console.dll, InferRunSettingsHelper.MakeRunsettingsCompatible: Removing the following settings: TargetPlatform from RunSettings file. To use those settings please move to latest version of Microsoft.NET.Test.Sdk
TpTrace Verbose: 0 : 5124, 13, 2023/05/05, 15:10:00.060, 268193353473, vstest.console.dll, TcpClientExtensions.MessageLoopAsync: NotifyDataAvailable remoteEndPoint: 127.0.0.1:14347 localEndPoint: 127.0.0.1:14346
TpTrace Verbose: 0 : 5124, 13, 2023/05/05, 15:10:00.060, 268193356790, vstest.console.dll, TestRequestSender.OnExecutionMessageReceived: Received message: {"Version":7,"MessageType":"TestSession.Message","Payload":{"MessageLevel":0,"Message":"Logging TestHost Diagnostics in file: C:\\Users\\Sumair\\source\\repos\\Schneider.MinesweeperHybrid\\Schneider.MinesweeperHybrid.UnitTests\\bin\\Debug\\net6.0\\fine-code-coverage\\coverage-tool-output\\diagnostics.host.23-05-05_15-09-59_80761_7.log"}}
TpTrace Verbose: 0 : 5124, 13, 2023/05/05, 15:10:00.065, 268193410495, vstest.console.dll, TestRunRequest:SendTestRunMessage: Starting.
TpTrace Verbose: 0 : 5124, 13, 2023/05/05, 15:10:00.066, 268193412550, vstest.console.dll, MulticastDelegateUtilities.SafeInvoke: TestRun.LogMessages: Invoking callback 1/1 for Microsoft.VisualStudio.TestPlatform.CommandLine.TestRunResultAggregator., took 0 ms.
TpTrace Verbose: 0 : 5124, 4, 2023/05/05, 15:10:00.066, 268193412718, vstest.console.dll, MulticastDelegateUtilities.SafeInvoke: InternalTestLoggerEvents.SendTestRunMessage: Invoking callback 1/1 for Microsoft.VisualStudio.TestPlatform.CommandLine.Internal.ConsoleLogger., took 0 ms.
TpTrace Information: 0 : 5124, 13, 2023/05/05, 15:10:00.066, 268193413360, vstest.console.dll, TestRunRequest:SendTestRunMessage: Completed.
TpTrace Verbose: 0 : 5124, 13, 2023/05/05, 15:10:00.066, 268193414840, vstest.console.dll, MulticastDelegateUtilities.SafeInvoke: LengthPrefixCommunicationChannel: MessageReceived: Invoking callback 1/1 for Microsoft.VisualStudio.TestPlatform.CommunicationUtilities.TestRequestSender+<>c__DisplayClass31_0., took 5 ms.
TpTrace Verbose: 0 : 5124, 13, 2023/05/05, 15:10:00.066, 268193415506, vstest.console.dll, TcpClientExtensions.MessageLoopAsync: Polling on remoteEndPoint: 127.0.0.1:14347 localEndPoint: 127.0.0.1:14346
TpTrace Verbose: 0 : 5124, 7, 2023/05/05, 15:10:00.068, 268193438486, vstest.console.dll, TestRequestSender.StartTestRun: Sending test run with message: {"Version":7,"MessageType":"TestExecution.StartWithSources","Payload":{"AdapterSourceMap":{"_none_":["C:\\Users\\Sumair\\source\\repos\\Schneider.MinesweeperHybrid\\Schneider.MinesweeperHybrid.UnitTests\\bin\\Debug\\net6.0\\fine-code-coverage\\build-output\\Schneider.MinesweeperHybrid.UnitTests.dll"]},"RunSettings":"<RunSettings>\r\n  <RunConfiguration>\r\n    <ResultsDirectory>C:\\Users\\Sumair\\source\\repos\\Schneider.MinesweeperHybrid\\Schneider.MinesweeperHybrid.UnitTests\\bin\\Debug\\net6.0\\fine-code-coverage\\coverage-tool-output</ResultsDirectory>\r\n    <TargetFrameworkVersion>.NETCoreApp,Version=v6.0</TargetFrameworkVersion>\r\n    <DesignMode>False</DesignMode>\r\n    <CollectSourceInformation>False</CollectSourceInformation>\r\n  </RunConfiguration>\r\n  <LoggerRunSettings>\r\n    <Loggers>\r\n      <Logger friendlyName=\"blame\" enabled=\"True\" />\r\n      <Logger friendlyName=\"Console\" uri=\"logger://microsoft/TestPlatform/ConsoleLogger/v1\" assemblyQualifiedName=\"Microsoft.VisualStudio.TestPlatform.CommandLine.Internal.ConsoleLogger, vstest.console, Version=15.0.0.0, Culture=neutral, PublicKeyToken=b03f5f7f11d50a3a\" codeBase=\"C:\\Program Files\\dotnet\\sdk\\7.0.102\\vstest.console.dll\" enabled=\"True\" />\r\n    </Loggers>\r\n  </LoggerRunSettings>\r\n  <DataCollectionRunSettings>\r\n    <DataCollectors>\r\n      <DataCollector friendlyName=\"blame\" enabled=\"True\">\r\n        <Configuration>\r\n          <ResultsDirectory>C:\\Users\\Sumair\\source\\repos\\Schneider.MinesweeperHybrid\\Schneider.MinesweeperHybrid.UnitTests\\bin\\Debug\\net6.0\\fine-code-coverage\\coverage-tool-output</ResultsDirectory>\r\n        </Configuration>\r\n      </DataCollector>\r\n    </DataCollectors>\r\n  </DataCollectionRunSettings>\r\n</RunSettings>","TestExecutionContext":{"FrequencyOfRunStatsChangeEvent":10,"RunStatsChangeEventTimeout":"00:00:01.5000000","InIsolation":false,"KeepAlive":false,"AreTestCaseLevelEventsRequired":false,"IsDebug":false,"TestCaseFilter":null,"FilterOptions":null},"Package":null}}
TpTrace Verbose: 0 : 5124, 13, 2023/05/05, 15:10:00.189, 268194646991, vstest.console.dll, TcpClientExtensions.MessageLoopAsync: NotifyDataAvailable remoteEndPoint: 127.0.0.1:14347 localEndPoint: 127.0.0.1:14346
TpTrace Verbose: 0 : 5124, 13, 2023/05/05, 15:10:00.189, 268194648496, vstest.console.dll, TestRequestSender.OnExecutionMessageReceived: Received message: {"Version":7,"MessageType":"TestSession.Message","Payload":{"MessageLevel":0,"Message":"[xUnit.net 00:00:00.00] xUnit.net VSTest Adapter v2.4.5+1caef2f33e (64-bit .NET 6.0.16)"}}
TpTrace Verbose: 0 : 5124, 13, 2023/05/05, 15:10:00.189, 268194650476, vstest.console.dll, TestRunRequest:SendTestRunMessage: Starting.
TpTrace Verbose: 0 : 5124, 13, 2023/05/05, 15:10:00.189, 268194651136, vstest.console.dll, MulticastDelegateUtilities.SafeInvoke: TestRun.LogMessages: Invoking callback 1/1 for Microsoft.VisualStudio.TestPlatform.CommandLine.TestRunResultAggregator., took 0 ms.
TpTrace Verbose: 0 : 5124, 4, 2023/05/05, 15:10:00.189, 268194651356, vstest.console.dll, MulticastDelegateUtilities.SafeInvoke: InternalTestLoggerEvents.SendTestRunMessage: Invoking callback 1/1 for Microsoft.VisualStudio.TestPlatform.CommandLine.Internal.ConsoleLogger., took 0 ms.
TpTrace Information: 0 : 5124, 13, 2023/05/05, 15:10:00.190, 268194652174, vstest.console.dll, TestRunRequest:SendTestRunMessage: Completed.
TpTrace Verbose: 0 : 5124, 13, 2023/05/05, 15:10:00.190, 268194652714, vstest.console.dll, MulticastDelegateUtilities.SafeInvoke: LengthPrefixCommunicationChannel: MessageReceived: Invoking callback 1/1 for Microsoft.VisualStudio.TestPlatform.CommunicationUtilities.TestRequestSender+<>c__DisplayClass31_0., took 0 ms.
TpTrace Verbose: 0 : 5124, 13, 2023/05/05, 15:10:00.190, 268194653131, vstest.console.dll, TcpClientExtensions.MessageLoopAsync: Polling on remoteEndPoint: 127.0.0.1:14347 localEndPoint: 127.0.0.1:14346
TpTrace Verbose: 0 : 5124, 13, 2023/05/05, 15:10:01.017, 268202925171, vstest.console.dll, TcpClientExtensions.MessageLoopAsync: NotifyDataAvailable remoteEndPoint: 127.0.0.1:14347 localEndPoint: 127.0.0.1:14346
TpTrace Verbose: 0 : 5124, 13, 2023/05/05, 15:10:01.017, 268202926859, vstest.console.dll, TestRequestSender.OnExecutionMessageReceived: Received message: {"Version":7,"MessageType":"TestSession.Message","Payload":{"MessageLevel":0,"Message":"[xUnit.net 00:00:00.83]   Discovering: Schneider.MinesweeperHybrid.UnitTests"}}
TpTrace Verbose: 0 : 5124, 13, 2023/05/05, 15:10:01.017, 268202928273, vstest.console.dll, TestRunRequest:SendTestRunMessage: Starting.
TpTrace Verbose: 0 : 5124, 13, 2023/05/05, 15:10:01.017, 268202928963, vstest.console.dll, MulticastDelegateUtilities.SafeInvoke: TestRun.LogMessages: Invoking callback 1/1 for Microsoft.VisualStudio.TestPlatform.CommandLine.TestRunResultAggregator., took 0 ms.
TpTrace Verbose: 0 : 5124, 4, 2023/05/05, 15:10:01.017, 268202929201, vstest.console.dll, MulticastDelegateUtilities.SafeInvoke: InternalTestLoggerEvents.SendTestRunMessage: Invoking callback 1/1 for Microsoft.VisualStudio.TestPlatform.CommandLine.Internal.ConsoleLogger., took 0 ms.
TpTrace Information: 0 : 5124, 13, 2023/05/05, 15:10:01.017, 268202930098, vstest.console.dll, TestRunRequest:SendTestRunMessage: Completed.
TpTrace Verbose: 0 : 5124, 13, 2023/05/05, 15:10:01.017, 268202930722, vstest.console.dll, MulticastDelegateUtilities.SafeInvoke: LengthPrefixCommunicationChannel: MessageReceived: Invoking callback 1/1 for Microsoft.VisualStudio.TestPlatform.CommunicationUtilities.TestRequestSender+<>c__DisplayClass31_0., took 0 ms.
TpTrace Verbose: 0 : 5124, 13, 2023/05/05, 15:10:01.017, 268202931202, vstest.console.dll, TcpClientExtensions.MessageLoopAsync: Polling on remoteEndPoint: 127.0.0.1:14347 localEndPoint: 127.0.0.1:14346
TpTrace Verbose: 0 : 5124, 13, 2023/05/05, 15:10:01.053, 268203285718, vstest.console.dll, TcpClientExtensions.MessageLoopAsync: NotifyDataAvailable remoteEndPoint: 127.0.0.1:14347 localEndPoint: 127.0.0.1:14346
TpTrace Verbose: 0 : 5124, 13, 2023/05/05, 15:10:01.053, 268203287306, vstest.console.dll, TestRequestSender.OnExecutionMessageReceived: Received message: {"Version":7,"MessageType":"TestSession.Message","Payload":{"MessageLevel":0,"Message":"[xUnit.net 00:00:00.86]   Discovered:  Schneider.MinesweeperHybrid.UnitTests"}}
TpTrace Verbose: 0 : 5124, 13, 2023/05/05, 15:10:01.053, 268203288462, vstest.console.dll, TestRunRequest:SendTestRunMessage: Starting.
TpTrace Verbose: 0 : 5124, 13, 2023/05/05, 15:10:01.053, 268203289095, vstest.console.dll, MulticastDelegateUtilities.SafeInvoke: TestRun.LogMessages: Invoking callback 1/1 for Microsoft.VisualStudio.TestPlatform.CommandLine.TestRunResultAggregator., took 0 ms.
TpTrace Verbose: 0 : 5124, 4, 2023/05/05, 15:10:01.053, 268203289336, vstest.console.dll, MulticastDelegateUtilities.SafeInvoke: InternalTestLoggerEvents.SendTestRunMessage: Invoking callback 1/1 for Microsoft.VisualStudio.TestPlatform.CommandLine.Internal.ConsoleLogger., took 0 ms.
TpTrace Information: 0 : 5124, 13, 2023/05/05, 15:10:01.053, 268203290250, vstest.console.dll, TestRunRequest:SendTestRunMessage: Completed.
TpTrace Verbose: 0 : 5124, 13, 2023/05/05, 15:10:01.053, 268203290887, vstest.console.dll, MulticastDelegateUtilities.SafeInvoke: LengthPrefixCommunicationChannel: MessageReceived: Invoking callback 1/1 for Microsoft.VisualStudio.TestPlatform.CommunicationUtilities.TestRequestSender+<>c__DisplayClass31_0., took 0 ms.
TpTrace Verbose: 0 : 5124, 13, 2023/05/05, 15:10:01.053, 268203291430, vstest.console.dll, TcpClientExtensions.MessageLoopAsync: Polling on remoteEndPoint: 127.0.0.1:14347 localEndPoint: 127.0.0.1:14346
TpTrace Verbose: 0 : 5124, 13, 2023/05/05, 15:10:01.055, 268203302054, vstest.console.dll, TcpClientExtensions.MessageLoopAsync: NotifyDataAvailable remoteEndPoint: 127.0.0.1:14347 localEndPoint: 127.0.0.1:14346
TpTrace Verbose: 0 : 5124, 13, 2023/05/05, 15:10:01.055, 268203303323, vstest.console.dll, TestRequestSender.OnExecutionMessageReceived: Received message: {"Version":7,"MessageType":"TestSession.Message","Payload":{"MessageLevel":0,"Message":"[xUnit.net 00:00:00.86]   Starting:    Schneider.MinesweeperHybrid.UnitTests"}}
TpTrace Verbose: 0 : 5124, 13, 2023/05/05, 15:10:01.055, 268203304223, vstest.console.dll, TestRunRequest:SendTestRunMessage: Starting.
TpTrace Verbose: 0 : 5124, 4, 2023/05/05, 15:10:01.055, 268203305040, vstest.console.dll, MulticastDelegateUtilities.SafeInvoke: InternalTestLoggerEvents.SendTestRunMessage: Invoking callback 1/1 for Microsoft.VisualStudio.TestPlatform.CommandLine.Internal.ConsoleLogger., took 0 ms.
TpTrace Verbose: 0 : 5124, 13, 2023/05/05, 15:10:01.055, 268203305110, vstest.console.dll, MulticastDelegateUtilities.SafeInvoke: TestRun.LogMessages: Invoking callback 1/1 for Microsoft.VisualStudio.TestPlatform.CommandLine.TestRunResultAggregator., took 0 ms.
TpTrace Information: 0 : 5124, 13, 2023/05/05, 15:10:01.055, 268203306161, vstest.console.dll, TestRunRequest:SendTestRunMessage: Completed.
TpTrace Verbose: 0 : 5124, 13, 2023/05/05, 15:10:01.055, 268203306615, vstest.console.dll, MulticastDelegateUtilities.SafeInvoke: LengthPrefixCommunicationChannel: MessageReceived: Invoking callback 1/1 for Microsoft.VisualStudio.TestPlatform.CommunicationUtilities.TestRequestSender+<>c__DisplayClass31_0., took 0 ms.
TpTrace Verbose: 0 : 5124, 13, 2023/05/05, 15:10:01.055, 268203307036, vstest.console.dll, TcpClientExtensions.MessageLoopAsync: Polling on remoteEndPoint: 127.0.0.1:14347 localEndPoint: 127.0.0.1:14346
TpTrace Verbose: 0 : 5124, 13, 2023/05/05, 15:10:01.163, 268204390430, vstest.console.dll, TcpClientExtensions.MessageLoopAsync: NotifyDataAvailable remoteEndPoint: 127.0.0.1:14347 localEndPoint: 127.0.0.1:14346
TpTrace Verbose: 0 : 5124, 13, 2023/05/05, 15:10:01.164, 268204393524, vstest.console.dll, TestRequestSender.OnExecutionMessageReceived: Received message: {"Version":7,"MessageType":"TestExecution.StatsChange","Payload":{"NewTestResults":[{"TestCase":{"Id":"5d23ff07-7f56-d262-1287-9d37f3e4f090","FullyQualifiedName":"Schneider.MinesweeperHybrid.UnitTests.Game.Game.ScoreTests.DefaultScore_ReturnsDefault","DisplayName":"Schneider.MinesweeperHybrid.UnitTests.Game.Game.ScoreTests.DefaultScore_ReturnsDefault","ExecutorUri":"executor://xunit/VsTestRunner2/netcoreapp","Source":"C:\\Users\\Sumair\\source\\repos\\Schneider.MinesweeperHybrid\\Schneider.MinesweeperHybrid.UnitTests\\bin\\Debug\\net6.0\\fine-code-coverage\\build-output\\Schneider.MinesweeperHybrid.UnitTests.dll","CodeFilePath":null,"LineNumber":0,"Properties":[]},"Attachments":[],"Outcome":1,"ErrorMessage":null,"ErrorStackTrace":null,"DisplayName":"Schneider.MinesweeperHybrid.UnitTests.Game.Game.ScoreTests.DefaultScore_ReturnsDefault","Messages":[],"ComputerName":"SUMAIR-MAIN","Duration":"00:00:00.0035084","StartTime":"2023-05-05T14:10:01.1114653+00:00","EndTime":"2023-05-05T14:10:01.1114821+00:00","Properties":[]},{"TestCase":{"Id":"9f0a94d5-a388-c1de-ba5e-2b53ffa1d0aa","FullyQualifiedName":"Schneider.MinesweeperHybrid.UnitTests.Game.Game.PlayerTests.GetLives_ReturnsNumberOfLives","DisplayName":"Schneider.MinesweeperHybrid.UnitTests.Game.Game.PlayerTests.GetLives_ReturnsNumberOfLives","ExecutorUri":"executor://xunit/VsTestRunner2/netcoreapp","Source":"C:\\Users\\Sumair\\source\\repos\\Schneider.MinesweeperHybrid\\Schneider.MinesweeperHybrid.UnitTests\\bin\\Debug\\net6.0\\fine-code-coverage\\build-output\\Schneider.MinesweeperHybrid.UnitTests.dll","CodeFilePath":null,"LineNumber":0,"Properties":[]},"Attachments":[],"Outcome":1,"ErrorMessage":null,"ErrorStackTrace":null,"DisplayName":"Schneider.MinesweeperHybrid.UnitTests.Game.Game.PlayerTests.GetLives_ReturnsNumberOfLives","Messages":[],"ComputerName":"SUMAIR-MAIN","Duration":"00:00:00.0035109","StartTime":"2023-05-05T14:10:01.1239957+00:00","EndTime":"2023-05-05T14:10:01.1239958+00:00","Properties":[]},{"TestCase":{"Id":"e3366324-0738-f36e-8bb8-6c403c75ab10","FullyQualifiedName":"Schneider.MinesweeperHybrid.UnitTests.Game.Game.ScoreTests.UpdateScore_ReturnsIncrementedScore","DisplayName":"Schneider.MinesweeperHybrid.UnitTests.Game.Game.ScoreTests.UpdateScore_ReturnsIncrementedScore","ExecutorUri":"executor://xunit/VsTestRunner2/netcoreapp","Source":"C:\\Users\\Sumair\\source\\repos\\Schneider.MinesweeperHybrid\\Schneider.MinesweeperHybrid.UnitTests\\bin\\Debug\\net6.0\\fine-code-coverage\\build-output\\Schneider.MinesweeperHybrid.UnitTests.dll","CodeFilePath":null,"LineNumber":0,"Properties":[]},"Attachments":[],"Outcome":1,"ErrorMessage":null,"ErrorStackTrace":null,"DisplayName":"Schneider.MinesweeperHybrid.UnitTests.Game.Game.ScoreTests.UpdateScore_ReturnsIncrementedScore","Messages":[],"ComputerName":"SUMAIR-MAIN","Duration":"00:00:00.0001238","StartTime":"2023-05-05T14:10:01.1276003+00:00","EndTime":"2023-05-05T14:10:01.1276005+00:00","Properties":[]},{"TestCase":{"Id":"dd147ca8-2967-3228-8ef3-50dcf3ac261d","FullyQualifiedName":"Schneider.MinesweeperHybrid.UnitTests.Game.Game.PlayerTests.DecreaseLives_ReturnsNumberOfLivesLeft","DisplayName":"Schneider.MinesweeperHybrid.UnitTests.Game.Game.PlayerTests.DecreaseLives_ReturnsNumberOfLivesLeft","ExecutorUri":"executor://xunit/VsTestRunner2/netcoreapp","Source":"C:\\Users\\Sumair\\source\\repos\\Schneider.MinesweeperHybrid\\Schneider.MinesweeperHybrid.UnitTests\\bin\\Debug\\net6.0\\fine-code-coverage\\build-output\\Schneider.MinesweeperHybrid.UnitTests.dll","CodeFilePath":null,"LineNumber":0,"Properties":[]},"Attachments":[],"Outcome":1,"ErrorMessage":null,"ErrorStackTrace":null,"DisplayName":"Schneider.MinesweeperHybrid.UnitTests.Game.Game.PlayerTests.DecreaseLives_ReturnsNumberOfLivesLeft","Messages":[],"ComputerName":"SUMAIR-MAIN","Duration":"00:00:00.0001245","StartTime":"2023-05-05T14:10:01.128496+00:00","EndTime":"2023-05-05T14:10:01.1284961+00:00","Properties":[]},{"TestCase":{"Id":"74f28afe-e2bf-80b2-7226-6410f306f48c","FullyQualifiedName":"Schneider.MinesweeperHybrid.UnitTests.Game.Game.ScoreTests.DecreaseScore_ReturnsDecreasedScore","DisplayName":"Schneider.MinesweeperHybrid.UnitTests.Game.Game.ScoreTests.DecreaseScore_ReturnsDecreasedScore","ExecutorUri":"executor://xunit/VsTestRunner2/netcoreapp","Source":"C:\\Users\\Sumair\\source\\repos\\Schneider.MinesweeperHybrid\\Schneider.MinesweeperHybrid.UnitTests\\bin\\Debug\\net6.0\\fine-code-coverage\\build-output\\Schneider.MinesweeperHybrid.UnitTests.dll","CodeFilePath":null,"LineNumber":0,"Properties":[]},"Attachments":[],"Outcome":1,"ErrorMessage":null,"ErrorStackTrace":null,"DisplayName":"Schneider.MinesweeperHybrid.UnitTests.Game.Game.ScoreTests.DecreaseScore_ReturnsDecreasedScore","Messages":[],"ComputerName":"SUMAIR-MAIN","Duration":"00:00:00.0001303","StartTime":"2023-05-05T14:10:01.1308237+00:00","EndTime":"2023-05-05T14:10:01.1308238+00:00","Properties":[]},{"TestCase":{"Id":"f7924187-e052-6347-8b3b-f42ee56bb220","FullyQualifiedName":"Schneider.MinesweeperHybrid.UnitTests.Game.Game.PlayerTests.GetPlayerPosition_ReturnsCellPosition","DisplayName":"Schneider.MinesweeperHybrid.UnitTests.Game.Game.PlayerTests.GetPlayerPosition_ReturnsCellPosition","ExecutorUri":"executor://xunit/VsTestRunner2/netcoreapp","Source":"C:\\Users\\Sumair\\source\\repos\\Schneider.MinesweeperHybrid\\Schneider.MinesweeperHybrid.UnitTests\\bin\\Debug\\net6.0\\fine-code-coverage\\build-output\\Schneider.MinesweeperHybrid.UnitTests.dll","CodeFilePath":null,"LineNumber":0,"Properties":[]},"Attachments":[],"Outcome":1,"ErrorMessage":null,"ErrorStackTrace":null,"DisplayName":"Schneider.MinesweeperHybrid.UnitTests.Game.Game.PlayerTests.GetPlayerPosition_ReturnsCellPosition","Messages":[],"ComputerName":"SUMAIR-MAIN","Duration":"00:00:00.0010677","StartTime":"2023-05-05T14:10:01.1316383+00:00","EndTime":"2023-05-05T14:10:01.1316383+00:00","Properties":[]},{"TestCase":{"Id":"07d0fc94-56d5-bf44-bd8f-e8bbe16fff6e","FullyQualifiedName":"Schneider.MinesweeperHybrid.UnitTests.Game.Game.MinesweeperHybridGameTests.GetLives_ReturnsCorrectly","DisplayName":"Schneider.MinesweeperHybrid.UnitTests.Game.Game.MinesweeperHybridGameTests.GetLives_ReturnsCorrectly","ExecutorUri":"executor://xunit/VsTestRunner2/netcoreapp","Source":"C:\\Users\\Sumair\\source\\repos\\Schneider.MinesweeperHybrid\\Schneider.MinesweeperHybrid.UnitTests\\bin\\Debug\\net6.0\\fine-code-coverage\\build-output\\Schneider.MinesweeperHybrid.UnitTests.dll","CodeFilePath":null,"LineNumber":0,"Properties":[]},"Attachments":[],"Outcome":1,"ErrorMessage":null,"ErrorStackTrace":null,"DisplayName":"Schneider.MinesweeperHybrid.UnitTests.Game.Game.MinesweeperHybridGameTests.GetLives_ReturnsCorrectly","Messages":[],"ComputerName":"SUMAIR-MAIN","Duration":"00:00:00.0480493","StartTime":"2023-05-05T14:10:01.1416396+00:00","EndTime":"2023-05-05T14:10:01.1416397+00:00","Properties":[]},{"TestCase":{"Id":"af07b619-5897-e299-9d5d-dde089a0501e","FullyQualifiedName":"Schneider.MinesweeperHybrid.UnitTests.Game.Game.MinesweeperHybridGameTests.CheckIfGameIsCompleted_ReturnsFalse","DisplayName":"Schneider.MinesweeperHybrid.UnitTests.Game.Game.MinesweeperHybridGameTests.CheckIfGameIsCompleted_ReturnsFalse(move: right)","ExecutorUri":"executor://xunit/VsTestRunner2/netcoreapp","Source":"C:\\Users\\Sumair\\source\\repos\\Schneider.MinesweeperHybrid\\Schneider.MinesweeperHybrid.UnitTests\\bin\\Debug\\net6.0\\fine-code-coverage\\build-output\\Schneider.MinesweeperHybrid.UnitTests.dll","CodeFilePath":null,"LineNumber":0,"Properties":[]},"Attachments":[],"Outcome":1,"ErrorMessage":null,"ErrorStackTrace":null,"DisplayName":"Schneider.MinesweeperHybrid.UnitTests.Game.Game.MinesweeperHybridGameTests.CheckIfGameIsCompleted_ReturnsFalse(move: right)","Messages":[],"ComputerName":"SUMAIR-MAIN","Duration":"00:00:00.0006424","StartTime":"2023-05-05T14:10:01.1436651+00:00","EndTime":"2023-05-05T14:10:01.1436652+00:00","Properties":[]},{"TestCase":{"Id":"efe06773-53e0-68b5-ba27-d7b4813a1c13","FullyQualifiedName":"Schneider.MinesweeperHybrid.UnitTests.Game.Game.MinesweeperHybridGameTests.CheckIfGameIsCompleted_ReturnsFalse","DisplayName":"Schneider.MinesweeperHybrid.UnitTests.Game.Game.MinesweeperHybridGameTests.CheckIfGameIsCompleted_ReturnsFalse(move: up)","ExecutorUri":"executor://xunit/VsTestRunner2/netcoreapp","Source":"C:\\Users\\Sumair\\source\\repos\\Schneider.MinesweeperHybrid\\Schneider.MinesweeperHybrid.UnitTests\\bin\\Debug\\net6.0\\fine-code-coverage\\build-output\\Schneider.MinesweeperHybrid.UnitTests.dll","CodeFilePath":null,"LineNumber":0,"Properties":[]},"Attachments":[],"Outcome":1,"ErrorMessage":null,"ErrorStackTrace":null,"DisplayName":"Schneider.MinesweeperHybrid.UnitTests.Game.Game.MinesweeperHybridGameTests.CheckIfGameIsCompleted_ReturnsFalse(move: up)","Messages":[],"ComputerName":"SUMAIR-MAIN","Duration":"00:00:00.0000307","StartTime":"2023-05-05T14:10:01.1452643+00:00","EndTime":"2023-05-05T14:10:01.1452644+00:00","Properties":[]}],"TestRunStatistics":{"ExecutedTests":9,"Stats":{"Passed":9}},"ActiveTests":[{"Id":"ff6e4c9b-53d7-fd71-d8b8-011653a2dee6","FullyQualifiedName":"Schneider.MinesweeperHybrid.UnitTests.Game.Game.MinesweeperHybridGameTests.GetPlayerPosition_ReturnsCorrectPosition","DisplayName":"Schneider.MinesweeperHybrid.UnitTests.Game.Game.MinesweeperHybridGameTests.GetPlayerPosition_ReturnsCorrectPosition","ExecutorUri":"executor://xunit/VsTestRunner2/netcoreapp","Source":"C:\\Users\\Sumair\\source\\repos\\Schneider.MinesweeperHybrid\\Schneider.MinesweeperHybrid.UnitTests\\bin\\Debug\\net6.0\\fine-code-coverage\\build-output\\Schneider.MinesweeperHybrid.UnitTests.dll","CodeFilePath":null,"LineNumber":0,"Properties":[]}]}}
TpTrace Verbose: 0 : 5124, 13, 2023/05/05, 15:10:01.179, 268204547910, vstest.console.dll, TestRunRequest:SendTestRunStatsChange: Starting.
TpTrace Verbose: 0 : 5124, 13, 2023/05/05, 15:10:01.179, 268204549663, vstest.console.dll, InProgress is Schneider.MinesweeperHybrid.UnitTests.Game.Game.MinesweeperHybridGameTests.GetPlayerPosition_ReturnsCorrectPosition
TpTrace Verbose: 0 : 5124, 13, 2023/05/05, 15:10:01.180, 268204552280, vstest.console.dll, MulticastDelegateUtilities.SafeInvoke: TestRun.RunStatsChanged: Invoking callbacks was skipped because there are no subscribers.
TpTrace Information: 0 : 5124, 13, 2023/05/05, 15:10:01.180, 268204552934, vstest.console.dll, TestRunRequest:SendTestRunStatsChange: Completed.
TpTrace Verbose: 0 : 5124, 13, 2023/05/05, 15:10:01.180, 268204553996, vstest.console.dll, MulticastDelegateUtilities.SafeInvoke: LengthPrefixCommunicationChannel: MessageReceived: Invoking callback 1/1 for Microsoft.VisualStudio.TestPlatform.CommunicationUtilities.TestRequestSender+<>c__DisplayClass31_0., took 16 ms.
TpTrace Verbose: 0 : 5124, 13, 2023/05/05, 15:10:01.180, 268204554568, vstest.console.dll, TcpClientExtensions.MessageLoopAsync: Polling on remoteEndPoint: 127.0.0.1:14347 localEndPoint: 127.0.0.1:14346
TpTrace Verbose: 0 : 5124, 13, 2023/05/05, 15:10:01.180, 268204555148, vstest.console.dll, TcpClientExtensions.MessageLoopAsync: NotifyDataAvailable remoteEndPoint: 127.0.0.1:14347 localEndPoint: 127.0.0.1:14346
TpTrace Verbose: 0 : 5124, 13, 2023/05/05, 15:10:01.180, 268204555886, vstest.console.dll, TestRequestSender.OnExecutionMessageReceived: Received message: {"Version":7,"MessageType":"TestSession.Message","Payload":{"MessageLevel":0,"Message":"[xUnit.net 00:00:00.99]   Finished:    Schneider.MinesweeperHybrid.UnitTests"}}
TpTrace Verbose: 0 : 5124, 13, 2023/05/05, 15:10:01.180, 268204556911, vstest.console.dll, TestRunRequest:SendTestRunMessage: Starting.
TpTrace Verbose: 0 : 5124, 13, 2023/05/05, 15:10:01.180, 268204557518, vstest.console.dll, MulticastDelegateUtilities.SafeInvoke: TestRun.LogMessages: Invoking callback 1/1 for Microsoft.VisualStudio.TestPlatform.CommandLine.TestRunResultAggregator., took 0 ms.
TpTrace Information: 0 : 5124, 13, 2023/05/05, 15:10:01.180, 268204557942, vstest.console.dll, TestRunRequest:SendTestRunMessage: Completed.
TpTrace Verbose: 0 : 5124, 13, 2023/05/05, 15:10:01.180, 268204558524, vstest.console.dll, MulticastDelegateUtilities.SafeInvoke: LengthPrefixCommunicationChannel: MessageReceived: Invoking callback 1/1 for Microsoft.VisualStudio.TestPlatform.CommunicationUtilities.TestRequestSender+<>c__DisplayClass31_0., took 0 ms.
TpTrace Verbose: 0 : 5124, 13, 2023/05/05, 15:10:01.180, 268204558895, vstest.console.dll, TcpClientExtensions.MessageLoopAsync: Polling on remoteEndPoint: 127.0.0.1:14347 localEndPoint: 127.0.0.1:14346
TpTrace Verbose: 0 : 5124, 4, 2023/05/05, 15:10:01.182, 268204576056, vstest.console.dll, MulticastDelegateUtilities.SafeInvoke: InternalTestLoggerEvents.SendTestResult: Invoking callback 1/1 for Microsoft.VisualStudio.TestPlatform.CommandLine.Internal.ConsoleLogger., took 2 ms.
TpTrace Verbose: 0 : 5124, 4, 2023/05/05, 15:10:01.182, 268204578260, vstest.console.dll, MulticastDelegateUtilities.SafeInvoke: InternalTestLoggerEvents.SendTestResult: Invoking callback 1/1 for Microsoft.VisualStudio.TestPlatform.CommandLine.Internal.ConsoleLogger., took 0 ms.
TpTrace Verbose: 0 : 5124, 4, 2023/05/05, 15:10:01.182, 268204578944, vstest.console.dll, MulticastDelegateUtilities.SafeInvoke: InternalTestLoggerEvents.SendTestResult: Invoking callback 1/1 for Microsoft.VisualStudio.TestPlatform.CommandLine.Internal.ConsoleLogger., took 0 ms.
TpTrace Verbose: 0 : 5124, 4, 2023/05/05, 15:10:01.182, 268204579499, vstest.console.dll, MulticastDelegateUtilities.SafeInvoke: InternalTestLoggerEvents.SendTestResult: Invoking callback 1/1 for Microsoft.VisualStudio.TestPlatform.CommandLine.Internal.ConsoleLogger., took 0 ms.
TpTrace Verbose: 0 : 5124, 4, 2023/05/05, 15:10:01.182, 268204580026, vstest.console.dll, MulticastDelegateUtilities.SafeInvoke: InternalTestLoggerEvents.SendTestResult: Invoking callback 1/1 for Microsoft.VisualStudio.TestPlatform.CommandLine.Internal.ConsoleLogger., took 0 ms.
TpTrace Verbose: 0 : 5124, 4, 2023/05/05, 15:10:01.182, 268204580598, vstest.console.dll, MulticastDelegateUtilities.SafeInvoke: InternalTestLoggerEvents.SendTestResult: Invoking callback 1/1 for Microsoft.VisualStudio.TestPlatform.CommandLine.Internal.ConsoleLogger., took 0 ms.
TpTrace Verbose: 0 : 5124, 4, 2023/05/05, 15:10:01.182, 268204581103, vstest.console.dll, MulticastDelegateUtilities.SafeInvoke: InternalTestLoggerEvents.SendTestResult: Invoking callback 1/1 for Microsoft.VisualStudio.TestPlatform.CommandLine.Internal.ConsoleLogger., took 0 ms.
TpTrace Verbose: 0 : 5124, 4, 2023/05/05, 15:10:01.183, 268204581591, vstest.console.dll, MulticastDelegateUtilities.SafeInvoke: InternalTestLoggerEvents.SendTestResult: Invoking callback 1/1 for Microsoft.VisualStudio.TestPlatform.CommandLine.Internal.ConsoleLogger., took 0 ms.
TpTrace Verbose: 0 : 5124, 4, 2023/05/05, 15:10:01.183, 268204582063, vstest.console.dll, MulticastDelegateUtilities.SafeInvoke: InternalTestLoggerEvents.SendTestResult: Invoking callback 1/1 for Microsoft.VisualStudio.TestPlatform.CommandLine.Internal.ConsoleLogger., took 0 ms.
TpTrace Verbose: 0 : 5124, 4, 2023/05/05, 15:10:01.183, 268204582513, vstest.console.dll, MulticastDelegateUtilities.SafeInvoke: InternalTestLoggerEvents.SendTestRunMessage: Invoking callback 1/1 for Microsoft.VisualStudio.TestPlatform.CommandLine.Internal.ConsoleLogger., took 0 ms.
TpTrace Verbose: 0 : 5124, 13, 2023/05/05, 15:10:01.188, 268204640592, vstest.console.dll, TcpClientExtensions.MessageLoopAsync: NotifyDataAvailable remoteEndPoint: 127.0.0.1:14347 localEndPoint: 127.0.0.1:14346
TpTrace Verbose: 0 : 5124, 13, 2023/05/05, 15:10:01.189, 268204642298, vstest.console.dll, TestRequestSender.OnExecutionMessageReceived: Received message: {"Version":7,"MessageType":"TestExecution.Completed","Payload":{"TestRunCompleteArgs":{"TestRunStatistics":{"ExecutedTests":12,"Stats":{"Passed":12}},"IsCanceled":false,"IsAborted":false,"Error":null,"AttachmentSets":[],"InvokedDataCollectors":[],"ElapsedTimeInRunningTests":"00:00:00.9971354","Metrics":{},"DiscoveredExtensions":{"TestDiscoverers":["Xunit.Runner.VisualStudio.VsTestRunner, xunit.runner.visualstudio.dotnetcore.testadapter, Version=2.4.0.0, Culture=neutral, PublicKeyToken=8d05b1bb7a6fdb6c"],"TestExecutors":["executor://xunit/VsTestRunner2/netcoreapp"],"TestExecutors2":[],"TestSettingsProviders":[]}},"LastRunTests":{"NewTestResults":[{"TestCase":{"Id":"ff6e4c9b-53d7-fd71-d8b8-011653a2dee6","FullyQualifiedName":"Schneider.MinesweeperHybrid.UnitTests.Game.Game.MinesweeperHybridGameTests.GetPlayerPosition_ReturnsCorrectPosition","DisplayName":"Schneider.MinesweeperHybrid.UnitTests.Game.Game.MinesweeperHybridGameTests.GetPlayerPosition_ReturnsCorrectPosition","ExecutorUri":"executor://xunit/VsTestRunner2/netcoreapp","Source":"C:\\Users\\Sumair\\source\\repos\\Schneider.MinesweeperHybrid\\Schneider.MinesweeperHybrid.UnitTests\\bin\\Debug\\net6.0\\fine-code-coverage\\build-output\\Schneider.MinesweeperHybrid.UnitTests.dll","CodeFilePath":null,"LineNumber":0,"Properties":[]},"Attachments":[],"Outcome":1,"ErrorMessage":null,"ErrorStackTrace":null,"DisplayName":"Schneider.MinesweeperHybrid.UnitTests.Game.Game.MinesweeperHybridGameTests.GetPlayerPosition_ReturnsCorrectPosition","Messages":[],"ComputerName":"SUMAIR-MAIN","Duration":"00:00:00.0085196","StartTime":"2023-05-05T14:10:01.1648445+00:00","EndTime":"2023-05-05T14:10:01.1648446+00:00","Properties":[]},{"TestCase":{"Id":"44d6b143-a144-5084-4fc1-50619c613524","FullyQualifiedName":"Schneider.MinesweeperHybrid.UnitTests.Game.Game.MinesweeperHybridGameTests.CheckIfGameIsCompleted_ReturnsTrue","DisplayName":"Schneider.MinesweeperHybrid.UnitTests.Game.Game.MinesweeperHybridGameTests.CheckIfGameIsCompleted_ReturnsTrue","ExecutorUri":"executor://xunit/VsTestRunner2/netcoreapp","Source":"C:\\Users\\Sumair\\source\\repos\\Schneider.MinesweeperHybrid\\Schneider.MinesweeperHybrid.UnitTests\\bin\\Debug\\net6.0\\fine-code-coverage\\build-output\\Schneider.MinesweeperHybrid.UnitTests.dll","CodeFilePath":null,"LineNumber":0,"Properties":[]},"Attachments":[],"Outcome":1,"ErrorMessage":null,"ErrorStackTrace":null,"DisplayName":"Schneider.MinesweeperHybrid.UnitTests.Game.Game.MinesweeperHybridGameTests.CheckIfGameIsCompleted_ReturnsTrue","Messages":[],"ComputerName":"SUMAIR-MAIN","Duration":"00:00:00.0003674","StartTime":"2023-05-05T14:10:01.1669767+00:00","EndTime":"2023-05-05T14:10:01.1669768+00:00","Properties":[]},{"TestCase":{"Id":"dc4d572c-45e4-f74e-911c-1437694d593f","FullyQualifiedName":"Schneider.MinesweeperHybrid.UnitTests.Game.Game.MinesweeperHybridGameTests.GetScore_ReturnsCorrectly","DisplayName":"Schneider.MinesweeperHybrid.UnitTests.Game.Game.MinesweeperHybridGameTests.GetScore_ReturnsCorrectly","ExecutorUri":"executor://xunit/VsTestRunner2/netcoreapp","Source":"C:\\Users\\Sumair\\source\\repos\\Schneider.MinesweeperHybrid\\Schneider.MinesweeperHybrid.UnitTests\\bin\\Debug\\net6.0\\fine-code-coverage\\build-output\\Schneider.MinesweeperHybrid.UnitTests.dll","CodeFilePath":null,"LineNumber":0,"Properties":[]},"Attachments":[],"Outcome":1,"ErrorMessage":null,"ErrorStackTrace":null,"DisplayName":"Schneider.MinesweeperHybrid.UnitTests.Game.Game.MinesweeperHybridGameTests.GetScore_ReturnsCorrectly","Messages":[],"ComputerName":"SUMAIR-MAIN","Duration":"00:00:00.0006089","StartTime":"2023-05-05T14:10:01.1687206+00:00","EndTime":"2023-05-05T14:10:01.1687207+00:00","Properties":[]}],"TestRunStatistics":{"ExecutedTests":12,"Stats":{"Passed":12}},"ActiveTests":[]},"RunAttachments":[],"ExecutorUris":["executor://xunit/VsTestRunner2/netcoreapp"]}}
TpTrace Verbose: 0 : 5124, 13, 2023/05/05, 15:10:01.189, 268204643249, vstest.console.dll, TestRequestSender.EndSession: Sending end session.
TpTrace Verbose: 0 : 5124, 13, 2023/05/05, 15:10:01.189, 268204644839, vstest.console.dll, ProxyOperationManager.Close: waiting for test host to exit for 100 ms
TpTrace Warning: 0 : 5124, 11, 2023/05/05, 15:10:01.198, 268204738538, vstest.console.dll, TestHostManagerCallbacks.ErrorReceivedCallback Test host standard error line: 
TpTrace Verbose: 0 : 5124, 11, 2023/05/05, 15:10:01.206, 268204818207, vstest.console.dll, TestHostProvider.ExitCallBack: Host exited starting callback.
TpTrace Information: 0 : 5124, 11, 2023/05/05, 15:10:01.206, 268204820174, vstest.console.dll, TestHostManagerCallbacks.ExitCallBack: Testhost processId: 18916 exited with exitcode: 0 error: ''
TpTrace Verbose: 0 : 5124, 11, 2023/05/05, 15:10:01.206, 268204820694, vstest.console.dll, DotnetTestHostManager.OnHostExited: invoking OnHostExited callback
TpTrace Verbose: 0 : 5124, 11, 2023/05/05, 15:10:01.206, 268204821263, vstest.console.dll, CrossPlatEngine.TestHostManagerHostExited: calling on client process exit callback.
TpTrace Information: 0 : 5124, 11, 2023/05/05, 15:10:01.207, 268204821808, vstest.console.dll, TestRequestSender.OnClientProcessExit: Test host process exited. Standard error: 
TpTrace Information: 0 : 5124, 11, 2023/05/05, 15:10:01.207, 268204822278, vstest.console.dll, SocketServer.Stop: Stop server endPoint: 127.0.0.1:14346
TpTrace Information: 0 : 5124, 13, 2023/05/05, 15:10:01.207, 268204822571, vstest.console.dll, SocketServer.Stop: Stop server endPoint: 127.0.0.1:14346
TpTrace Information: 0 : 5124, 11, 2023/05/05, 15:10:01.207, 268204822646, vstest.console.dll, SocketServer.Stop: Cancellation requested. Stopping message loop.
TpTrace Information: 0 : 5124, 13, 2023/05/05, 15:10:01.207, 268204823206, vstest.console.dll, SocketServer.Stop: Cancellation requested. Stopping message loop.
TpTrace Verbose: 0 : 5124, 11, 2023/05/05, 15:10:01.207, 268204824186, vstest.console.dll, MulticastDelegateUtilities.SafeInvoke: HostProviderEvents.OnHostExited: Invoking callback 1/1 for Microsoft.VisualStudio.TestPlatform.CrossPlatEngine.Client.ProxyOperationManager., took 0 ms.
TpTrace Information: 0 : 5124, 13, 2023/05/05, 15:10:01.207, 268204824418, vstest.console.dll, Closing the connection
TpTrace Verbose: 0 : 5124, 13, 2023/05/05, 15:10:01.207, 268204826607, vstest.console.dll, ProxyDataCollectionManager.InvokeDataCollectionServiceAction: Starting.
TpTrace Information: 0 : 5124, 13, 2023/05/05, 15:10:01.207, 268204827133, vstest.console.dll, ProxyDataCollectionManager.AfterTestRunEnd: Get attachment set and invoked data collectors processId: 16028 port: 14343
TpTrace Verbose: 0 : 5124, 13, 2023/05/05, 15:10:01.207, 268204827645, vstest.console.dll, DataCollectionRequestSender.SendAfterTestRunStartAndGetResult: Send AfterTestRunEnd message with isCancelled: False
TpTrace Verbose: 0 : 5124, 13, 2023/05/05, 15:10:01.213, 268204883308, vstest.console.dll, DataCollectionRequestSender.SendAfterTestRunStartAndGetResult: Received message: (DataCollection.AfterTestRunEndResult) -> {"MessageType":"DataCollection.AfterTestRunEndResult","Payload":{"AttachmentSets":[],"InvokedDataCollectors":[{"Uri":"datacollector://Microsoft/TestPlatform/Extensions/Blame/v1","FriendlyName":"Blame","AssemblyQualifiedName":"Microsoft.TestPlatform.Extensions.BlameDataCollector.BlameCollector, Microsoft.TestPlatform.Extensions.BlameDataCollector, Version=15.0.0.0, Culture=neutral, PublicKeyToken=b03f5f7f11d50a3a","FilePath":"C:\\Program Files\\dotnet\\sdk\\7.0.102\\Extensions\\Microsoft.TestPlatform.Extensions.BlameDataCollector.dll","HasAttachmentProcessor":false}],"Metrics":{}}}
TpTrace Warning: 0 : 5124, 9, 2023/05/05, 15:10:01.216, 268204917431, vstest.console.dll, DataCollectionLauncher.ErrorReceivedCallback datacollector standard error line: 
TpTrace Information: 0 : 5124, 13, 2023/05/05, 15:10:01.218, 268204932442, vstest.console.dll, ProxyDataCollectionManager.InvokeDataCollectionServiceAction: Completed.
TpTrace Information: 0 : 5124, 9, 2023/05/05, 15:10:01.221, 268204968617, vstest.console.dll, DataCollectionLauncher.ExitCallBack: Data collector exited with exitcode: 0 error: ''
TpTrace Verbose: 0 : 5124, 13, 2023/05/05, 15:10:01.245, 268205204874, vstest.console.dll, TestRunRequest:SendTestRunStatsChange: Starting.
TpTrace Verbose: 0 : 5124, 13, 2023/05/05, 15:10:01.245, 268205206178, vstest.console.dll, MulticastDelegateUtilities.SafeInvoke: TestRun.RunStatsChanged: Invoking callbacks was skipped because there are no subscribers.
TpTrace Verbose: 0 : 5124, 4, 2023/05/05, 15:10:01.245, 268205206554, vstest.console.dll, MulticastDelegateUtilities.SafeInvoke: InternalTestLoggerEvents.SendTestResult: Invoking callback 1/1 for Microsoft.VisualStudio.TestPlatform.CommandLine.Internal.ConsoleLogger., took 0 ms.
TpTrace Information: 0 : 5124, 13, 2023/05/05, 15:10:01.245, 268205206620, vstest.console.dll, TestRunRequest:SendTestRunStatsChange: Completed.
TpTrace Verbose: 0 : 5124, 4, 2023/05/05, 15:10:01.245, 268205207337, vstest.console.dll, MulticastDelegateUtilities.SafeInvoke: InternalTestLoggerEvents.SendTestResult: Invoking callback 1/1 for Microsoft.VisualStudio.TestPlatform.CommandLine.Internal.ConsoleLogger., took 0 ms.
TpTrace Verbose: 0 : 5124, 4, 2023/05/05, 15:10:01.245, 268205208607, vstest.console.dll, MulticastDelegateUtilities.SafeInvoke: InternalTestLoggerEvents.SendTestResult: Invoking callback 1/1 for Microsoft.VisualStudio.TestPlatform.CommandLine.Internal.ConsoleLogger., took 0 ms.
TpTrace Verbose: 0 : 5124, 13, 2023/05/05, 15:10:01.245, 268205210793, vstest.console.dll, ParallelProxyExecutionManager: HandlePartialRunComplete: Total completed clients = 1, Run complete = True, Run canceled: False.
TpTrace Verbose: 0 : 5124, 4, 2023/05/05, 15:10:01.252, 268205274441, vstest.console.dll, MulticastDelegateUtilities.SafeInvoke: InternalTestLoggerEvents.SendTestRunComplete: Invoking callback 1/2 for Microsoft.TestPlatform.Extensions.BlameDataCollector.BlameLogger., took 0 ms.
TpTrace Verbose: 0 : 5124, 4, 2023/05/05, 15:10:01.256, 268205314533, vstest.console.dll, MulticastDelegateUtilities.SafeInvoke: InternalTestLoggerEvents.SendTestRunComplete: Invoking callback 2/2 for Microsoft.VisualStudio.TestPlatform.CommandLine.Internal.ConsoleLogger., took 3 ms.
TpTrace Verbose: 0 : 5124, 13, 2023/05/05, 15:10:01.256, 268205317502, vstest.console.dll, TestRunRequest:TestRunComplete: Starting. IsAborted:False IsCanceled:False.
TpTrace Verbose: 0 : 5124, 13, 2023/05/05, 15:10:01.257, 268205326580, vstest.console.dll, TestLoggerManager.HandleTestRunComplete: Ignoring as the object is disposed.
TpTrace Verbose: 0 : 5124, 13, 2023/05/05, 15:10:01.257, 268205328376, vstest.console.dll, MulticastDelegateUtilities.SafeInvoke: TestRun.TestRunComplete: Invoking callback 1/2 for Microsoft.VisualStudio.TestPlatform.CommandLine.TestRunResultAggregator., took 0 ms.
TpTrace Verbose: 0 : 5124, 13, 2023/05/05, 15:10:01.257, 268205329648, vstest.console.dll, MulticastDelegateUtilities.SafeInvoke: TestRun.TestRunComplete: Invoking callback 2/2 for Microsoft.VisualStudio.TestPlatform.CommandLine.Processors.RunTestsArgumentExecutor+TestRunRequestEventsRegistrar., took 0 ms.
TpTrace Information: 0 : 5124, 13, 2023/05/05, 15:10:01.257, 268205330479, vstest.console.dll, TestRunRequest:TestRunComplete: Completed.
TpTrace Verbose: 0 : 5124, 13, 2023/05/05, 15:10:01.257, 268205330966, vstest.console.dll, TestRequestSender.SetOperationComplete: Setting operation complete.
TpTrace Verbose: 0 : 5124, 1, 2023/05/05, 15:10:01.257, 268205330950, vstest.console.dll, TestRunRequest.Dispose: Starting.
TpTrace Information: 0 : 5124, 13, 2023/05/05, 15:10:01.257, 268205331381, vstest.console.dll, SocketServer.Stop: Stop server endPoint: 127.0.0.1:14346
TpTrace Information: 0 : 5124, 1, 2023/05/05, 15:10:01.258, 268205332013, vstest.console.dll, TestRunRequest.Dispose: Completed.
TpTrace Information: 0 : 5124, 13, 2023/05/05, 15:10:01.258, 268205332576, vstest.console.dll, SocketServer.Stop: Cancellation requested. Stopping message loop.
TpTrace Information: 0 : 5124, 1, 2023/05/05, 15:10:01.258, 268205333254, vstest.console.dll, TestRequestManager.RunTests: run tests completed.
TpTrace Verbose: 0 : 5124, 13, 2023/05/05, 15:10:01.258, 268205333716, vstest.console.dll, MulticastDelegateUtilities.SafeInvoke: LengthPrefixCommunicationChannel: MessageReceived: Invoking callback 1/1 for Microsoft.VisualStudio.TestPlatform.CommunicationUtilities.TestRequestSender+<>c__DisplayClass31_0., took 69 ms.
TpTrace Information: 0 : 5124, 13, 2023/05/05, 15:10:01.258, 268205334848, vstest.console.dll, SocketServer.PrivateStop: Stopping server endPoint: 127.0.0.1:14346 error: 
TpTrace Information: 0 : 5124, 1, 2023/05/05, 15:10:01.258, 268205334882, vstest.console.dll, RunTestsArgumentProcessor:Execute: Test run is completed.
TpTrace Verbose: 0 : 5124, 1, 2023/05/05, 15:10:01.258, 268205336698, vstest.console.dll, Executor.Execute: Exiting with exit code of 0
TpTrace Verbose: 0 : 5124, 13, 2023/05/05, 15:10:01.258, 268205338235, vstest.console.dll, LengthPrefixCommunicationChannel.Dispose: Dispose reader and writer.
TpTrace Information: 0 : 5124, 13, 2023/05/05, 15:10:01.258, 268205338916, vstest.console.dll, SocketServer.Stop: Raise disconnected event endPoint: 127.0.0.1:14346 error: 
TpTrace Verbose: 0 : 5124, 13, 2023/05/05, 15:10:01.258, 268205339742, vstest.console.dll, TestRequestSender: OnTestRunAbort: Operation is already complete. Skip error message.
